<?xml version="1.0" encoding="UTF-8"?>
<robot generator="Robot 3.1.2 (Python 3.6.7 on linux)" generated="20200120 08:49:17.863" rpa="false">
<suite id="s1" name="testCase" source="/home/piva/Documentos/Projetos/Prova_Matera/specs/testCase.robot">
<kw name="Abrir navegador e acessar o sistema." library="start" type="setup">
<kw name="Open Browser" library="SeleniumLibrary">
<doc>Opens a new browser instance to the optional ``url``.</doc>
<arguments>
<arg>${DEFAULT_URL}</arg>
<arg>${BROWSER}</arg>
</arguments>
<msg timestamp="20200120 08:49:18.391" level="INFO">Opening browser 'chrome' to base url 'https://calculadoratriangulo.herokuapp.com'.</msg>
<status status="PASS" starttime="20200120 08:49:18.391" endtime="20200120 08:49:20.823"></status>
</kw>
<kw name="Set Selenium Implicit Wait" library="SeleniumLibrary">
<doc>Sets the implicit wait value used by Selenium.</doc>
<arguments>
<arg>4</arg>
</arguments>
<status status="PASS" starttime="20200120 08:49:20.824" endtime="20200120 08:49:20.827"></status>
</kw>
<kw name="Set Selenium Speed" library="SeleniumLibrary">
<doc>Sets the delay that is waited after each Selenium command.</doc>
<arguments>
<arg>0.2</arg>
</arguments>
<status status="PASS" starttime="20200120 08:49:20.828" endtime="20200120 08:49:20.829"></status>
</kw>
<kw name="Maximize Browser Window" library="SeleniumLibrary">
<doc>Maximizes current browser window.</doc>
<status status="PASS" starttime="20200120 08:49:20.829" endtime="20200120 08:49:21.141"></status>
</kw>
<kw name="Title Should Be" library="SeleniumLibrary">
<doc>Verifies that the current page title equals ``title``.</doc>
<arguments>
<arg>Calculadora de Triângulos</arg>
</arguments>
<msg timestamp="20200120 08:49:21.364" level="INFO">Page title is 'Calculadora de Triângulos'.</msg>
<status status="PASS" starttime="20200120 08:49:21.142" endtime="20200120 08:49:21.365"></status>
</kw>
<status status="PASS" starttime="20200120 08:49:18.390" endtime="20200120 08:49:21.366"></status>
</kw>
<test id="s1-t1" name="Cenário de Teste: Calcular Triângulo Equilátero.">
<kw name="Dado que preenchi os 3 campos com o mesmo valor" library="resource">
<kw name="aguardar e preencher o campo" library="functions">
<arguments>
<arg>${CAMPOS[0]}</arg>
<arg>${equilatero[0]}</arg>
</arguments>
<kw name="Wait Until Keyword Succeeds" library="BuiltIn">
<doc>Runs the specified keyword and retries if it fails.</doc>
<arguments>
<arg>10s</arg>
<arg>0.1s</arg>
<arg>input text</arg>
<arg>${XPATH}</arg>
<arg>${TEXTO}</arg>
</arguments>
<kw name="Input Text" library="SeleniumLibrary">
<doc>Types the given ``text`` into the text field identified by ``locator``.</doc>
<arguments>
<arg>${XPATH}</arg>
<arg>${TEXTO}</arg>
</arguments>
<msg timestamp="20200120 08:49:21.404" level="INFO">Typing text '10' into text field 'xpath=/html/body/form/div/input[1]'.</msg>
<status status="PASS" starttime="20200120 08:49:21.402" endtime="20200120 08:49:22.253"></status>
</kw>
<status status="PASS" starttime="20200120 08:49:21.399" endtime="20200120 08:49:22.253"></status>
</kw>
<status status="PASS" starttime="20200120 08:49:21.394" endtime="20200120 08:49:22.254"></status>
</kw>
<kw name="aguardar e preencher o campo" library="functions">
<arguments>
<arg>${CAMPOS[1]}</arg>
<arg>${equilatero[1]}</arg>
</arguments>
<kw name="Wait Until Keyword Succeeds" library="BuiltIn">
<doc>Runs the specified keyword and retries if it fails.</doc>
<arguments>
<arg>10s</arg>
<arg>0.1s</arg>
<arg>input text</arg>
<arg>${XPATH}</arg>
<arg>${TEXTO}</arg>
</arguments>
<kw name="Input Text" library="SeleniumLibrary">
<doc>Types the given ``text`` into the text field identified by ``locator``.</doc>
<arguments>
<arg>${XPATH}</arg>
<arg>${TEXTO}</arg>
</arguments>
<msg timestamp="20200120 08:49:22.255" level="INFO">Typing text '10' into text field 'xpath=/html/body/form/div/input[2]'.</msg>
<status status="PASS" starttime="20200120 08:49:22.255" endtime="20200120 08:49:23.037"></status>
</kw>
<status status="PASS" starttime="20200120 08:49:22.255" endtime="20200120 08:49:23.038"></status>
</kw>
<status status="PASS" starttime="20200120 08:49:22.254" endtime="20200120 08:49:23.038"></status>
</kw>
<kw name="aguardar e preencher o campo" library="functions">
<arguments>
<arg>${CAMPOS[2]}</arg>
<arg>${equilatero[2]}</arg>
</arguments>
<kw name="Wait Until Keyword Succeeds" library="BuiltIn">
<doc>Runs the specified keyword and retries if it fails.</doc>
<arguments>
<arg>10s</arg>
<arg>0.1s</arg>
<arg>input text</arg>
<arg>${XPATH}</arg>
<arg>${TEXTO}</arg>
</arguments>
<kw name="Input Text" library="SeleniumLibrary">
<doc>Types the given ``text`` into the text field identified by ``locator``.</doc>
<arguments>
<arg>${XPATH}</arg>
<arg>${TEXTO}</arg>
</arguments>
<msg timestamp="20200120 08:49:23.045" level="INFO">Typing text '10' into text field 'xpath=/html/body/form/div/input[3]'.</msg>
<status status="PASS" starttime="20200120 08:49:23.043" endtime="20200120 08:49:23.820"></status>
</kw>
<status status="PASS" starttime="20200120 08:49:23.042" endtime="20200120 08:49:23.821"></status>
</kw>
<status status="PASS" starttime="20200120 08:49:23.039" endtime="20200120 08:49:23.822"></status>
</kw>
<status status="PASS" starttime="20200120 08:49:21.373" endtime="20200120 08:49:23.822"></status>
</kw>
<kw name="Quando clicar no botão Calcular" library="resource">
<kw name="aguardar e clicar no componente" library="functions">
<arguments>
<arg>${BTN_CALCULAR}</arg>
</arguments>
<kw name="Wait Until Keyword Succeeds" library="BuiltIn">
<doc>Runs the specified keyword and retries if it fails.</doc>
<arguments>
<arg>10s</arg>
<arg>0.1s</arg>
<arg>click element</arg>
<arg>${XPATH}</arg>
</arguments>
<kw name="Click Element" library="SeleniumLibrary">
<doc>Click the element identified by ``locator``.</doc>
<arguments>
<arg>${XPATH}</arg>
</arguments>
<msg timestamp="20200120 08:49:23.833" level="INFO">Clicking element 'xpath=/html/body/form/div/input[4]'.</msg>
<status status="PASS" starttime="20200120 08:49:23.832" endtime="20200120 08:49:24.960"></status>
</kw>
<status status="PASS" starttime="20200120 08:49:23.828" endtime="20200120 08:49:24.960"></status>
</kw>
<status status="PASS" starttime="20200120 08:49:23.825" endtime="20200120 08:49:24.961"></status>
</kw>
<status status="PASS" starttime="20200120 08:49:23.823" endtime="20200120 08:49:24.962"></status>
</kw>
<kw name="Então o sistema exibirá a mensagem &quot;Triângulo Equilátero&quot; e sua imagem" library="resource">
<kw name="Wait Until Element Contains" library="SeleniumLibrary">
<doc>Waits until the element ``locator`` contains ``text``.</doc>
<arguments>
<arg>${CAMPOS[3]}</arg>
<arg>Triângulo Equilátero</arg>
</arguments>
<status status="PASS" starttime="20200120 08:49:24.965" endtime="20200120 08:49:25.477"></status>
</kw>
<kw name="Get Text" library="SeleniumLibrary">
<doc>Returns the text value of the element identified by ``locator``.</doc>
<arguments>
<arg>${CAMPOS[3]}</arg>
</arguments>
<assign>
<var>${Msg_Sucesso_Equilatero}</var>
</assign>
<msg timestamp="20200120 08:49:25.951" level="INFO">${Msg_Sucesso_Equilatero} = Triângulo Equilátero</msg>
<status status="PASS" starttime="20200120 08:49:25.478" endtime="20200120 08:49:25.951"></status>
</kw>
<kw name="Log" library="BuiltIn">
<doc>Logs the given message with the given level.</doc>
<arguments>
<arg>${Msg_Sucesso_Equilatero}</arg>
</arguments>
<msg timestamp="20200120 08:49:25.953" level="INFO">Triângulo Equilátero</msg>
<status status="PASS" starttime="20200120 08:49:25.952" endtime="20200120 08:49:25.954"></status>
</kw>
<kw name="Capture Page Screenshot" library="SeleniumLibrary">
<doc>Takes a screenshot of the current page and embeds it into a log file.</doc>
<arguments>
<arg>equilatero.png</arg>
</arguments>
<msg timestamp="20200120 08:49:26.314" level="INFO" html="yes">&lt;/td&gt;&lt;/tr&gt;&lt;tr&gt;&lt;td colspan="3"&gt;&lt;a href="equilatero.png"&gt;&lt;img src="equilatero.png" width="800px"&gt;&lt;/a&gt;</msg>
<status status="PASS" starttime="20200120 08:49:25.954" endtime="20200120 08:49:26.315"></status>
</kw>
<status status="PASS" starttime="20200120 08:49:24.963" endtime="20200120 08:49:26.316"></status>
</kw>
<tags>
<tag>equilatero</tag>
</tags>
<status status="PASS" starttime="20200120 08:49:21.367" endtime="20200120 08:49:26.317" critical="yes"></status>
</test>
<test id="s1-t2" name="Cenário de Teste: Calcular Triângulo Isósceles informando valore iguais nos Campos &quot;Lado1&quot; e &quot;Lado2&quot;">
<kw name="Dado que preenchi o campo &quot;Lado1&quot;" library="resource">
<kw name="aguardar e preencher o campo" library="functions">
<arguments>
<arg>${CAMPOS[0]}</arg>
<arg>${isosceles[0]}</arg>
</arguments>
<kw name="Wait Until Keyword Succeeds" library="BuiltIn">
<doc>Runs the specified keyword and retries if it fails.</doc>
<arguments>
<arg>10s</arg>
<arg>0.1s</arg>
<arg>input text</arg>
<arg>${XPATH}</arg>
<arg>${TEXTO}</arg>
</arguments>
<kw name="Input Text" library="SeleniumLibrary">
<doc>Types the given ``text`` into the text field identified by ``locator``.</doc>
<arguments>
<arg>${XPATH}</arg>
<arg>${TEXTO}</arg>
</arguments>
<msg timestamp="20200120 08:49:26.343" level="INFO">Typing text '8' into text field 'xpath=/html/body/form/div/input[1]'.</msg>
<status status="PASS" starttime="20200120 08:49:26.342" endtime="20200120 08:49:27.124"></status>
</kw>
<status status="PASS" starttime="20200120 08:49:26.340" endtime="20200120 08:49:27.124"></status>
</kw>
<status status="PASS" starttime="20200120 08:49:26.336" endtime="20200120 08:49:27.125"></status>
</kw>
<status status="PASS" starttime="20200120 08:49:26.332" endtime="20200120 08:49:27.125"></status>
</kw>
<kw name="E o campo &quot;Lado2&quot; com valores iguais" library="resource">
<kw name="aguardar e preencher o campo" library="functions">
<arguments>
<arg>${CAMPOS[1]}</arg>
<arg>${isosceles[1]}</arg>
</arguments>
<kw name="Wait Until Keyword Succeeds" library="BuiltIn">
<doc>Runs the specified keyword and retries if it fails.</doc>
<arguments>
<arg>10s</arg>
<arg>0.1s</arg>
<arg>input text</arg>
<arg>${XPATH}</arg>
<arg>${TEXTO}</arg>
</arguments>
<kw name="Input Text" library="SeleniumLibrary">
<doc>Types the given ``text`` into the text field identified by ``locator``.</doc>
<arguments>
<arg>${XPATH}</arg>
<arg>${TEXTO}</arg>
</arguments>
<msg timestamp="20200120 08:49:27.135" level="INFO">Typing text '8' into text field 'xpath=/html/body/form/div/input[2]'.</msg>
<status status="PASS" starttime="20200120 08:49:27.133" endtime="20200120 08:49:27.875"></status>
</kw>
<status status="PASS" starttime="20200120 08:49:27.131" endtime="20200120 08:49:27.876"></status>
</kw>
<status status="PASS" starttime="20200120 08:49:27.128" endtime="20200120 08:49:27.877"></status>
</kw>
<status status="PASS" starttime="20200120 08:49:27.126" endtime="20200120 08:49:27.877"></status>
</kw>
<kw name="Mas o campo &quot;Lado3&quot; com valor diferente" library="resource">
<kw name="aguardar e preencher o campo" library="functions">
<arguments>
<arg>${CAMPOS[2]}</arg>
<arg>${isosceles[2]}</arg>
</arguments>
<kw name="Wait Until Keyword Succeeds" library="BuiltIn">
<doc>Runs the specified keyword and retries if it fails.</doc>
<arguments>
<arg>10s</arg>
<arg>0.1s</arg>
<arg>input text</arg>
<arg>${XPATH}</arg>
<arg>${TEXTO}</arg>
</arguments>
<kw name="Input Text" library="SeleniumLibrary">
<doc>Types the given ``text`` into the text field identified by ``locator``.</doc>
<arguments>
<arg>${XPATH}</arg>
<arg>${TEXTO}</arg>
</arguments>
<msg timestamp="20200120 08:49:27.887" level="INFO">Typing text '9' into text field 'xpath=/html/body/form/div/input[3]'.</msg>
<status status="PASS" starttime="20200120 08:49:27.885" endtime="20200120 08:49:28.644"></status>
</kw>
<status status="PASS" starttime="20200120 08:49:27.883" endtime="20200120 08:49:28.644"></status>
</kw>
<status status="PASS" starttime="20200120 08:49:27.880" endtime="20200120 08:49:28.645"></status>
</kw>
<status status="PASS" starttime="20200120 08:49:27.878" endtime="20200120 08:49:28.645"></status>
</kw>
<kw name="Quando clicar no botão Calcular" library="resource">
<kw name="aguardar e clicar no componente" library="functions">
<arguments>
<arg>${BTN_CALCULAR}</arg>
</arguments>
<kw name="Wait Until Keyword Succeeds" library="BuiltIn">
<doc>Runs the specified keyword and retries if it fails.</doc>
<arguments>
<arg>10s</arg>
<arg>0.1s</arg>
<arg>click element</arg>
<arg>${XPATH}</arg>
</arguments>
<kw name="Click Element" library="SeleniumLibrary">
<doc>Click the element identified by ``locator``.</doc>
<arguments>
<arg>${XPATH}</arg>
</arguments>
<msg timestamp="20200120 08:49:28.656" level="INFO">Clicking element 'xpath=/html/body/form/div/input[4]'.</msg>
<status status="PASS" starttime="20200120 08:49:28.654" endtime="20200120 08:49:29.777"></status>
</kw>
<status status="PASS" starttime="20200120 08:49:28.651" endtime="20200120 08:49:29.778"></status>
</kw>
<status status="PASS" starttime="20200120 08:49:28.648" endtime="20200120 08:49:29.778"></status>
</kw>
<status status="PASS" starttime="20200120 08:49:28.646" endtime="20200120 08:49:29.779"></status>
</kw>
<kw name="Então o sistema exibirá a mensagem &quot;Triângulo Isósceles&quot; e sua imagem" library="resource">
<kw name="Wait Until Element Contains" library="SeleniumLibrary">
<doc>Waits until the element ``locator`` contains ``text``.</doc>
<arguments>
<arg>${CAMPOS[3]}</arg>
<arg>Triângulo Isósceles</arg>
</arguments>
<status status="PASS" starttime="20200120 08:49:29.782" endtime="20200120 08:49:30.282"></status>
</kw>
<kw name="Get Text" library="SeleniumLibrary">
<doc>Returns the text value of the element identified by ``locator``.</doc>
<arguments>
<arg>${CAMPOS[3]}</arg>
</arguments>
<assign>
<var>${Msg_Sucesso_Isosceles}</var>
</assign>
<msg timestamp="20200120 08:49:30.754" level="INFO">${Msg_Sucesso_Isosceles} = Triângulo Isósceles</msg>
<status status="PASS" starttime="20200120 08:49:30.283" endtime="20200120 08:49:30.755"></status>
</kw>
<kw name="Log" library="BuiltIn">
<doc>Logs the given message with the given level.</doc>
<arguments>
<arg>${Msg_Sucesso_Isosceles}</arg>
</arguments>
<msg timestamp="20200120 08:49:30.757" level="INFO">Triângulo Isósceles</msg>
<status status="PASS" starttime="20200120 08:49:30.756" endtime="20200120 08:49:30.757"></status>
</kw>
<kw name="Capture Page Screenshot" library="SeleniumLibrary">
<doc>Takes a screenshot of the current page and embeds it into a log file.</doc>
<arguments>
<arg>isosceles.png</arg>
</arguments>
<msg timestamp="20200120 08:49:31.119" level="INFO" html="yes">&lt;/td&gt;&lt;/tr&gt;&lt;tr&gt;&lt;td colspan="3"&gt;&lt;a href="isosceles.png"&gt;&lt;img src="isosceles.png" width="800px"&gt;&lt;/a&gt;</msg>
<status status="PASS" starttime="20200120 08:49:30.758" endtime="20200120 08:49:31.120"></status>
</kw>
<status status="PASS" starttime="20200120 08:49:29.780" endtime="20200120 08:49:31.120"></status>
</kw>
<tags>
<tag>isosceles</tag>
</tags>
<status status="PASS" starttime="20200120 08:49:26.324" endtime="20200120 08:49:31.121" critical="yes"></status>
</test>
<test id="s1-t3" name="Cenário de Teste: Calcular Triângulo Isósceles informando valore iguais nos Campos &quot;Lado1&quot; e &quot;Lado3&quot;">
<kw name="Dado que preenchi o campo &quot;Lado1&quot;" library="resource">
<kw name="aguardar e preencher o campo" library="functions">
<arguments>
<arg>${CAMPOS[0]}</arg>
<arg>${isosceles[0]}</arg>
</arguments>
<kw name="Wait Until Keyword Succeeds" library="BuiltIn">
<doc>Runs the specified keyword and retries if it fails.</doc>
<arguments>
<arg>10s</arg>
<arg>0.1s</arg>
<arg>input text</arg>
<arg>${XPATH}</arg>
<arg>${TEXTO}</arg>
</arguments>
<kw name="Input Text" library="SeleniumLibrary">
<doc>Types the given ``text`` into the text field identified by ``locator``.</doc>
<arguments>
<arg>${XPATH}</arg>
<arg>${TEXTO}</arg>
</arguments>
<msg timestamp="20200120 08:49:31.141" level="INFO">Typing text '8' into text field 'xpath=/html/body/form/div/input[1]'.</msg>
<status status="PASS" starttime="20200120 08:49:31.140" endtime="20200120 08:49:31.899"></status>
</kw>
<status status="PASS" starttime="20200120 08:49:31.137" endtime="20200120 08:49:31.899"></status>
</kw>
<status status="PASS" starttime="20200120 08:49:31.133" endtime="20200120 08:49:31.900"></status>
</kw>
<status status="PASS" starttime="20200120 08:49:31.130" endtime="20200120 08:49:31.900"></status>
</kw>
<kw name="E o campo &quot;Lado3&quot; com valores iguais" library="resource">
<kw name="aguardar e preencher o campo" library="functions">
<arguments>
<arg>${CAMPOS[2]}</arg>
<arg>${isosceles[1]}</arg>
</arguments>
<kw name="Wait Until Keyword Succeeds" library="BuiltIn">
<doc>Runs the specified keyword and retries if it fails.</doc>
<arguments>
<arg>10s</arg>
<arg>0.1s</arg>
<arg>input text</arg>
<arg>${XPATH}</arg>
<arg>${TEXTO}</arg>
</arguments>
<kw name="Input Text" library="SeleniumLibrary">
<doc>Types the given ``text`` into the text field identified by ``locator``.</doc>
<arguments>
<arg>${XPATH}</arg>
<arg>${TEXTO}</arg>
</arguments>
<msg timestamp="20200120 08:49:31.911" level="INFO">Typing text '8' into text field 'xpath=/html/body/form/div/input[3]'.</msg>
<status status="PASS" starttime="20200120 08:49:31.910" endtime="20200120 08:49:32.677"></status>
</kw>
<status status="PASS" starttime="20200120 08:49:31.906" endtime="20200120 08:49:32.677"></status>
</kw>
<status status="PASS" starttime="20200120 08:49:31.903" endtime="20200120 08:49:32.678"></status>
</kw>
<status status="PASS" starttime="20200120 08:49:31.901" endtime="20200120 08:49:32.678"></status>
</kw>
<kw name="Mas o campo &quot;Lado2&quot; com valor diferente" library="resource">
<kw name="aguardar e preencher o campo" library="functions">
<arguments>
<arg>${CAMPOS[1]}</arg>
<arg>${isosceles[2]}</arg>
</arguments>
<kw name="Wait Until Keyword Succeeds" library="BuiltIn">
<doc>Runs the specified keyword and retries if it fails.</doc>
<arguments>
<arg>10s</arg>
<arg>0.1s</arg>
<arg>input text</arg>
<arg>${XPATH}</arg>
<arg>${TEXTO}</arg>
</arguments>
<kw name="Input Text" library="SeleniumLibrary">
<doc>Types the given ``text`` into the text field identified by ``locator``.</doc>
<arguments>
<arg>${XPATH}</arg>
<arg>${TEXTO}</arg>
</arguments>
<msg timestamp="20200120 08:49:32.689" level="INFO">Typing text '9' into text field 'xpath=/html/body/form/div/input[2]'.</msg>
<status status="PASS" starttime="20200120 08:49:32.687" endtime="20200120 08:49:33.489"></status>
</kw>
<status status="PASS" starttime="20200120 08:49:32.684" endtime="20200120 08:49:33.490"></status>
</kw>
<status status="PASS" starttime="20200120 08:49:32.680" endtime="20200120 08:49:33.490"></status>
</kw>
<status status="PASS" starttime="20200120 08:49:32.679" endtime="20200120 08:49:33.491"></status>
</kw>
<kw name="Quando clicar no botão Calcular" library="resource">
<kw name="aguardar e clicar no componente" library="functions">
<arguments>
<arg>${BTN_CALCULAR}</arg>
</arguments>
<kw name="Wait Until Keyword Succeeds" library="BuiltIn">
<doc>Runs the specified keyword and retries if it fails.</doc>
<arguments>
<arg>10s</arg>
<arg>0.1s</arg>
<arg>click element</arg>
<arg>${XPATH}</arg>
</arguments>
<kw name="Click Element" library="SeleniumLibrary">
<doc>Click the element identified by ``locator``.</doc>
<arguments>
<arg>${XPATH}</arg>
</arguments>
<msg timestamp="20200120 08:49:33.500" level="INFO">Clicking element 'xpath=/html/body/form/div/input[4]'.</msg>
<status status="PASS" starttime="20200120 08:49:33.499" endtime="20200120 08:49:35.424"></status>
</kw>
<status status="PASS" starttime="20200120 08:49:33.496" endtime="20200120 08:49:35.424"></status>
</kw>
<status status="PASS" starttime="20200120 08:49:33.493" endtime="20200120 08:49:35.424"></status>
</kw>
<status status="PASS" starttime="20200120 08:49:33.492" endtime="20200120 08:49:35.424"></status>
</kw>
<kw name="Então o sistema exibirá a mensagem &quot;Triângulo Isósceles&quot; e sua imagem" library="resource">
<kw name="Wait Until Element Contains" library="SeleniumLibrary">
<doc>Waits until the element ``locator`` contains ``text``.</doc>
<arguments>
<arg>${CAMPOS[3]}</arg>
<arg>Triângulo Isósceles</arg>
</arguments>
<status status="PASS" starttime="20200120 08:49:35.425" endtime="20200120 08:49:35.892"></status>
</kw>
<kw name="Get Text" library="SeleniumLibrary">
<doc>Returns the text value of the element identified by ``locator``.</doc>
<arguments>
<arg>${CAMPOS[3]}</arg>
</arguments>
<assign>
<var>${Msg_Sucesso_Isosceles}</var>
</assign>
<msg timestamp="20200120 08:49:36.362" level="INFO">${Msg_Sucesso_Isosceles} = Triângulo Isósceles</msg>
<status status="PASS" starttime="20200120 08:49:35.893" endtime="20200120 08:49:36.362"></status>
</kw>
<kw name="Log" library="BuiltIn">
<doc>Logs the given message with the given level.</doc>
<arguments>
<arg>${Msg_Sucesso_Isosceles}</arg>
</arguments>
<msg timestamp="20200120 08:49:36.364" level="INFO">Triângulo Isósceles</msg>
<status status="PASS" starttime="20200120 08:49:36.363" endtime="20200120 08:49:36.364"></status>
</kw>
<kw name="Capture Page Screenshot" library="SeleniumLibrary">
<doc>Takes a screenshot of the current page and embeds it into a log file.</doc>
<arguments>
<arg>isosceles.png</arg>
</arguments>
<msg timestamp="20200120 08:49:36.696" level="INFO" html="yes">&lt;/td&gt;&lt;/tr&gt;&lt;tr&gt;&lt;td colspan="3"&gt;&lt;a href="isosceles.png"&gt;&lt;img src="isosceles.png" width="800px"&gt;&lt;/a&gt;</msg>
<status status="PASS" starttime="20200120 08:49:36.365" endtime="20200120 08:49:36.697"></status>
</kw>
<status status="PASS" starttime="20200120 08:49:35.425" endtime="20200120 08:49:36.698"></status>
</kw>
<tags>
<tag>isosceles</tag>
</tags>
<status status="PASS" starttime="20200120 08:49:31.125" endtime="20200120 08:49:36.698" critical="yes"></status>
</test>
<test id="s1-t4" name="Cenário de Teste: Calcular Triângulo Isósceles informando valore iguais nos Campos &quot;Lado2&quot; e &quot;Lado3&quot;">
<kw name="Dado que preenchi o campo &quot;Lado2&quot;" library="resource">
<kw name="aguardar e preencher o campo" library="functions">
<arguments>
<arg>${CAMPOS[1]}</arg>
<arg>${isosceles[0]}</arg>
</arguments>
<kw name="Wait Until Keyword Succeeds" library="BuiltIn">
<doc>Runs the specified keyword and retries if it fails.</doc>
<arguments>
<arg>10s</arg>
<arg>0.1s</arg>
<arg>input text</arg>
<arg>${XPATH}</arg>
<arg>${TEXTO}</arg>
</arguments>
<kw name="Input Text" library="SeleniumLibrary">
<doc>Types the given ``text`` into the text field identified by ``locator``.</doc>
<arguments>
<arg>${XPATH}</arg>
<arg>${TEXTO}</arg>
</arguments>
<msg timestamp="20200120 08:49:36.715" level="INFO">Typing text '8' into text field 'xpath=/html/body/form/div/input[2]'.</msg>
<status status="PASS" starttime="20200120 08:49:36.713" endtime="20200120 08:49:37.472"></status>
</kw>
<status status="PASS" starttime="20200120 08:49:36.710" endtime="20200120 08:49:37.473"></status>
</kw>
<status status="PASS" starttime="20200120 08:49:36.706" endtime="20200120 08:49:37.473"></status>
</kw>
<status status="PASS" starttime="20200120 08:49:36.705" endtime="20200120 08:49:37.474"></status>
</kw>
<kw name="E o campo &quot;Lado3&quot; com valores iguais" library="resource">
<kw name="aguardar e preencher o campo" library="functions">
<arguments>
<arg>${CAMPOS[2]}</arg>
<arg>${isosceles[1]}</arg>
</arguments>
<kw name="Wait Until Keyword Succeeds" library="BuiltIn">
<doc>Runs the specified keyword and retries if it fails.</doc>
<arguments>
<arg>10s</arg>
<arg>0.1s</arg>
<arg>input text</arg>
<arg>${XPATH}</arg>
<arg>${TEXTO}</arg>
</arguments>
<kw name="Input Text" library="SeleniumLibrary">
<doc>Types the given ``text`` into the text field identified by ``locator``.</doc>
<arguments>
<arg>${XPATH}</arg>
<arg>${TEXTO}</arg>
</arguments>
<msg timestamp="20200120 08:49:37.484" level="INFO">Typing text '8' into text field 'xpath=/html/body/form/div/input[3]'.</msg>
<status status="PASS" starttime="20200120 08:49:37.482" endtime="20200120 08:49:38.290"></status>
</kw>
<status status="PASS" starttime="20200120 08:49:37.480" endtime="20200120 08:49:38.290"></status>
</kw>
<status status="PASS" starttime="20200120 08:49:37.476" endtime="20200120 08:49:38.291"></status>
</kw>
<status status="PASS" starttime="20200120 08:49:37.475" endtime="20200120 08:49:38.292"></status>
</kw>
<kw name="Mas o campo &quot;Lado1&quot; com valor diferente" library="resource">
<kw name="aguardar e preencher o campo" library="functions">
<arguments>
<arg>${CAMPOS[0]}</arg>
<arg>${isosceles[2]}</arg>
</arguments>
<kw name="Wait Until Keyword Succeeds" library="BuiltIn">
<doc>Runs the specified keyword and retries if it fails.</doc>
<arguments>
<arg>10s</arg>
<arg>0.1s</arg>
<arg>input text</arg>
<arg>${XPATH}</arg>
<arg>${TEXTO}</arg>
</arguments>
<kw name="Input Text" library="SeleniumLibrary">
<doc>Types the given ``text`` into the text field identified by ``locator``.</doc>
<arguments>
<arg>${XPATH}</arg>
<arg>${TEXTO}</arg>
</arguments>
<msg timestamp="20200120 08:49:38.302" level="INFO">Typing text '9' into text field 'xpath=/html/body/form/div/input[1]'.</msg>
<status status="PASS" starttime="20200120 08:49:38.301" endtime="20200120 08:49:39.076"></status>
</kw>
<status status="PASS" starttime="20200120 08:49:38.298" endtime="20200120 08:49:39.076"></status>
</kw>
<status status="PASS" starttime="20200120 08:49:38.295" endtime="20200120 08:49:39.077"></status>
</kw>
<status status="PASS" starttime="20200120 08:49:38.293" endtime="20200120 08:49:39.077"></status>
</kw>
<kw name="Quando clicar no botão Calcular" library="resource">
<kw name="aguardar e clicar no componente" library="functions">
<arguments>
<arg>${BTN_CALCULAR}</arg>
</arguments>
<kw name="Wait Until Keyword Succeeds" library="BuiltIn">
<doc>Runs the specified keyword and retries if it fails.</doc>
<arguments>
<arg>10s</arg>
<arg>0.1s</arg>
<arg>click element</arg>
<arg>${XPATH}</arg>
</arguments>
<kw name="Click Element" library="SeleniumLibrary">
<doc>Click the element identified by ``locator``.</doc>
<arguments>
<arg>${XPATH}</arg>
</arguments>
<msg timestamp="20200120 08:49:39.087" level="INFO">Clicking element 'xpath=/html/body/form/div/input[4]'.</msg>
<status status="PASS" starttime="20200120 08:49:39.086" endtime="20200120 08:49:40.125"></status>
</kw>
<status status="PASS" starttime="20200120 08:49:39.083" endtime="20200120 08:49:40.125"></status>
</kw>
<status status="PASS" starttime="20200120 08:49:39.080" endtime="20200120 08:49:40.126"></status>
</kw>
<status status="PASS" starttime="20200120 08:49:39.078" endtime="20200120 08:49:40.126"></status>
</kw>
<kw name="Então o sistema exibirá a mensagem &quot;Triângulo Isósceles&quot; e sua imagem" library="resource">
<kw name="Wait Until Element Contains" library="SeleniumLibrary">
<doc>Waits until the element ``locator`` contains ``text``.</doc>
<arguments>
<arg>${CAMPOS[3]}</arg>
<arg>Triângulo Isósceles</arg>
</arguments>
<status status="PASS" starttime="20200120 08:49:40.129" endtime="20200120 08:49:40.634"></status>
</kw>
<kw name="Get Text" library="SeleniumLibrary">
<doc>Returns the text value of the element identified by ``locator``.</doc>
<arguments>
<arg>${CAMPOS[3]}</arg>
</arguments>
<assign>
<var>${Msg_Sucesso_Isosceles}</var>
</assign>
<msg timestamp="20200120 08:49:41.079" level="INFO">${Msg_Sucesso_Isosceles} = Triângulo Isósceles</msg>
<status status="PASS" starttime="20200120 08:49:40.635" endtime="20200120 08:49:41.080"></status>
</kw>
<kw name="Log" library="BuiltIn">
<doc>Logs the given message with the given level.</doc>
<arguments>
<arg>${Msg_Sucesso_Isosceles}</arg>
</arguments>
<msg timestamp="20200120 08:49:41.081" level="INFO">Triângulo Isósceles</msg>
<status status="PASS" starttime="20200120 08:49:41.080" endtime="20200120 08:49:41.082"></status>
</kw>
<kw name="Capture Page Screenshot" library="SeleniumLibrary">
<doc>Takes a screenshot of the current page and embeds it into a log file.</doc>
<arguments>
<arg>isosceles.png</arg>
</arguments>
<msg timestamp="20200120 08:49:41.483" level="INFO" html="yes">&lt;/td&gt;&lt;/tr&gt;&lt;tr&gt;&lt;td colspan="3"&gt;&lt;a href="isosceles.png"&gt;&lt;img src="isosceles.png" width="800px"&gt;&lt;/a&gt;</msg>
<status status="PASS" starttime="20200120 08:49:41.082" endtime="20200120 08:49:41.483"></status>
</kw>
<status status="PASS" starttime="20200120 08:49:40.127" endtime="20200120 08:49:41.484"></status>
</kw>
<tags>
<tag>isosceles</tag>
</tags>
<status status="PASS" starttime="20200120 08:49:36.701" endtime="20200120 08:49:41.485" critical="yes"></status>
</test>
<test id="s1-t5" name="Cenário de Teste: Calcular Triângulo Escaleno.">
<kw name="Dado que preenchi 3 valores diferentes" library="resource">
<kw name="Random Number" library="FakerLibrary">
<doc>Returns a random number with 1 digit (default, when digits==None),
a random number with 0 to given number of digits, or a random number
with given number to given number of digits (when ``fix_len==True``).</doc>
<arguments>
<arg>digits=2</arg>
</arguments>
<assign>
<var>${valor1}</var>
</assign>
<msg timestamp="20200120 08:49:41.497" level="INFO">${valor1} = 79</msg>
<status status="PASS" starttime="20200120 08:49:41.495" endtime="20200120 08:49:41.498"></status>
</kw>
<kw name="aguardar e preencher o campo" library="functions">
<arguments>
<arg>${CAMPOS[0]}</arg>
<arg>${valor1}</arg>
</arguments>
<kw name="Wait Until Keyword Succeeds" library="BuiltIn">
<doc>Runs the specified keyword and retries if it fails.</doc>
<arguments>
<arg>10s</arg>
<arg>0.1s</arg>
<arg>input text</arg>
<arg>${XPATH}</arg>
<arg>${TEXTO}</arg>
</arguments>
<kw name="Input Text" library="SeleniumLibrary">
<doc>Types the given ``text`` into the text field identified by ``locator``.</doc>
<arguments>
<arg>${XPATH}</arg>
<arg>${TEXTO}</arg>
</arguments>
<msg timestamp="20200120 08:49:41.507" level="INFO">Typing text '79' into text field 'xpath=/html/body/form/div/input[1]'.</msg>
<status status="PASS" starttime="20200120 08:49:41.505" endtime="20200120 08:49:42.334"></status>
</kw>
<status status="PASS" starttime="20200120 08:49:41.503" endtime="20200120 08:49:42.334"></status>
</kw>
<status status="PASS" starttime="20200120 08:49:41.499" endtime="20200120 08:49:42.334"></status>
</kw>
<kw name="Random Number" library="FakerLibrary">
<doc>Returns a random number with 1 digit (default, when digits==None),
a random number with 0 to given number of digits, or a random number
with given number to given number of digits (when ``fix_len==True``).</doc>
<arguments>
<arg>digits=2</arg>
</arguments>
<assign>
<var>${valor2}</var>
</assign>
<msg timestamp="20200120 08:49:42.335" level="INFO">${valor2} = 5</msg>
<status status="PASS" starttime="20200120 08:49:42.334" endtime="20200120 08:49:42.335"></status>
</kw>
<kw name="aguardar e preencher o campo" library="functions">
<arguments>
<arg>${CAMPOS[1]}</arg>
<arg>${valor2</arg>
</arguments>
<kw name="Wait Until Keyword Succeeds" library="BuiltIn">
<doc>Runs the specified keyword and retries if it fails.</doc>
<arguments>
<arg>10s</arg>
<arg>0.1s</arg>
<arg>input text</arg>
<arg>${XPATH}</arg>
<arg>${TEXTO}</arg>
</arguments>
<kw name="Input Text" library="SeleniumLibrary">
<doc>Types the given ``text`` into the text field identified by ``locator``.</doc>
<arguments>
<arg>${XPATH}</arg>
<arg>${TEXTO}</arg>
</arguments>
<msg timestamp="20200120 08:49:42.336" level="INFO">Typing text '${valor2' into text field 'xpath=/html/body/form/div/input[2]'.</msg>
<status status="PASS" starttime="20200120 08:49:42.335" endtime="20200120 08:49:43.107"></status>
</kw>
<status status="PASS" starttime="20200120 08:49:42.335" endtime="20200120 08:49:43.108"></status>
</kw>
<status status="PASS" starttime="20200120 08:49:42.335" endtime="20200120 08:49:43.108"></status>
</kw>
<kw name="Random Number" library="FakerLibrary">
<doc>Returns a random number with 1 digit (default, when digits==None),
a random number with 0 to given number of digits, or a random number
with given number to given number of digits (when ``fix_len==True``).</doc>
<arguments>
<arg>digits=2</arg>
</arguments>
<assign>
<var>${valor3}</var>
</assign>
<msg timestamp="20200120 08:49:43.111" level="INFO">${valor3} = 66</msg>
<status status="PASS" starttime="20200120 08:49:43.109" endtime="20200120 08:49:43.111"></status>
</kw>
<kw name="aguardar e preencher o campo" library="functions">
<arguments>
<arg>${CAMPOS[2]}</arg>
<arg>${valor3}</arg>
</arguments>
<kw name="Wait Until Keyword Succeeds" library="BuiltIn">
<doc>Runs the specified keyword and retries if it fails.</doc>
<arguments>
<arg>10s</arg>
<arg>0.1s</arg>
<arg>input text</arg>
<arg>${XPATH}</arg>
<arg>${TEXTO}</arg>
</arguments>
<kw name="Input Text" library="SeleniumLibrary">
<doc>Types the given ``text`` into the text field identified by ``locator``.</doc>
<arguments>
<arg>${XPATH}</arg>
<arg>${TEXTO}</arg>
</arguments>
<msg timestamp="20200120 08:49:43.118" level="INFO">Typing text '66' into text field 'xpath=/html/body/form/div/input[3]'.</msg>
<status status="PASS" starttime="20200120 08:49:43.116" endtime="20200120 08:49:43.917"></status>
</kw>
<status status="PASS" starttime="20200120 08:49:43.114" endtime="20200120 08:49:43.917"></status>
</kw>
<status status="PASS" starttime="20200120 08:49:43.111" endtime="20200120 08:49:43.918"></status>
</kw>
<status status="PASS" starttime="20200120 08:49:41.492" endtime="20200120 08:49:43.918"></status>
</kw>
<kw name="Quando clicar no botão Calcular" library="resource">
<kw name="aguardar e clicar no componente" library="functions">
<arguments>
<arg>${BTN_CALCULAR}</arg>
</arguments>
<kw name="Wait Until Keyword Succeeds" library="BuiltIn">
<doc>Runs the specified keyword and retries if it fails.</doc>
<arguments>
<arg>10s</arg>
<arg>0.1s</arg>
<arg>click element</arg>
<arg>${XPATH}</arg>
</arguments>
<kw name="Click Element" library="SeleniumLibrary">
<doc>Click the element identified by ``locator``.</doc>
<arguments>
<arg>${XPATH}</arg>
</arguments>
<msg timestamp="20200120 08:49:43.932" level="INFO">Clicking element 'xpath=/html/body/form/div/input[4]'.</msg>
<status status="PASS" starttime="20200120 08:49:43.930" endtime="20200120 08:49:45.033"></status>
</kw>
<status status="PASS" starttime="20200120 08:49:43.927" endtime="20200120 08:49:45.033"></status>
</kw>
<status status="PASS" starttime="20200120 08:49:43.923" endtime="20200120 08:49:45.034"></status>
</kw>
<status status="PASS" starttime="20200120 08:49:43.921" endtime="20200120 08:49:45.035"></status>
</kw>
<kw name="Então o sistema exibirá a mensagem &quot;Triângulo Escaleno&quot; e sua imagem" library="resource">
<kw name="Wait Until Element Contains" library="SeleniumLibrary">
<doc>Waits until the element ``locator`` contains ``text``.</doc>
<arguments>
<arg>${CAMPOS[3]}</arg>
<arg>Triângulo Escaleno</arg>
</arguments>
<status status="PASS" starttime="20200120 08:49:45.038" endtime="20200120 08:49:45.546"></status>
</kw>
<kw name="Get Text" library="SeleniumLibrary">
<doc>Returns the text value of the element identified by ``locator``.</doc>
<arguments>
<arg>${CAMPOS[3]}</arg>
</arguments>
<assign>
<var>${Msg_Sucesso_Escaleno}</var>
</assign>
<msg timestamp="20200120 08:49:46.016" level="INFO">${Msg_Sucesso_Escaleno} = Triângulo Escaleno</msg>
<status status="PASS" starttime="20200120 08:49:45.547" endtime="20200120 08:49:46.016"></status>
</kw>
<kw name="Log" library="BuiltIn">
<doc>Logs the given message with the given level.</doc>
<arguments>
<arg>${Msg_Sucesso_Escaleno}</arg>
</arguments>
<msg timestamp="20200120 08:49:46.018" level="INFO">Triângulo Escaleno</msg>
<status status="PASS" starttime="20200120 08:49:46.017" endtime="20200120 08:49:46.019"></status>
</kw>
<kw name="Capture Page Screenshot" library="SeleniumLibrary">
<doc>Takes a screenshot of the current page and embeds it into a log file.</doc>
<arguments>
<arg>escaleno.png</arg>
</arguments>
<msg timestamp="20200120 08:49:46.359" level="INFO" html="yes">&lt;/td&gt;&lt;/tr&gt;&lt;tr&gt;&lt;td colspan="3"&gt;&lt;a href="escaleno.png"&gt;&lt;img src="escaleno.png" width="800px"&gt;&lt;/a&gt;</msg>
<status status="PASS" starttime="20200120 08:49:46.019" endtime="20200120 08:49:46.360"></status>
</kw>
<status status="PASS" starttime="20200120 08:49:45.036" endtime="20200120 08:49:46.361"></status>
</kw>
<tags>
<tag>escaleno</tag>
</tags>
<status status="PASS" starttime="20200120 08:49:41.488" endtime="20200120 08:49:46.362" critical="yes"></status>
</test>
<test id="s1-t6" name="Cenário de Teste: Validar preenchimento de todos os campos.">
<kw name="Dado que não preenchi nenhum campo" library="resource">
<kw name="Capture Page Screenshot" library="SeleniumLibrary">
<doc>Takes a screenshot of the current page and embeds it into a log file.</doc>
<arguments>
<arg>camposVazios.png</arg>
</arguments>
<msg timestamp="20200120 08:49:46.697" level="INFO" html="yes">&lt;/td&gt;&lt;/tr&gt;&lt;tr&gt;&lt;td colspan="3"&gt;&lt;a href="camposVazios.png"&gt;&lt;img src="camposVazios.png" width="800px"&gt;&lt;/a&gt;</msg>
<status status="PASS" starttime="20200120 08:49:46.373" endtime="20200120 08:49:46.698"></status>
</kw>
<status status="PASS" starttime="20200120 08:49:46.369" endtime="20200120 08:49:46.699"></status>
</kw>
<kw name="Quando clicar no botão Calcular" library="resource">
<kw name="aguardar e clicar no componente" library="functions">
<arguments>
<arg>${BTN_CALCULAR}</arg>
</arguments>
<kw name="Wait Until Keyword Succeeds" library="BuiltIn">
<doc>Runs the specified keyword and retries if it fails.</doc>
<arguments>
<arg>10s</arg>
<arg>0.1s</arg>
<arg>click element</arg>
<arg>${XPATH}</arg>
</arguments>
<kw name="Click Element" library="SeleniumLibrary">
<doc>Click the element identified by ``locator``.</doc>
<arguments>
<arg>${XPATH}</arg>
</arguments>
<msg timestamp="20200120 08:49:46.709" level="INFO">Clicking element 'xpath=/html/body/form/div/input[4]'.</msg>
<status status="PASS" starttime="20200120 08:49:46.707" endtime="20200120 08:49:47.640"></status>
</kw>
<status status="PASS" starttime="20200120 08:49:46.704" endtime="20200120 08:49:47.640"></status>
</kw>
<status status="PASS" starttime="20200120 08:49:46.701" endtime="20200120 08:49:47.641"></status>
</kw>
<status status="PASS" starttime="20200120 08:49:46.700" endtime="20200120 08:49:47.641"></status>
</kw>
<kw name="Então o sistema exibirá a mensagem &quot;Preencha todos os lados&quot;" library="resource">
<kw name="Wait Until Element Contains" library="SeleniumLibrary">
<doc>Waits until the element ``locator`` contains ``text``.</doc>
<arguments>
<arg>${CAMPOS[3]}</arg>
<arg>Preencha todos os lados</arg>
</arguments>
<status status="PASS" starttime="20200120 08:49:47.644" endtime="20200120 08:49:48.129"></status>
</kw>
<kw name="Get Text" library="SeleniumLibrary">
<doc>Returns the text value of the element identified by ``locator``.</doc>
<arguments>
<arg>${CAMPOS[3]}</arg>
</arguments>
<assign>
<var>${Msg_Campos_Vazios}</var>
</assign>
<msg timestamp="20200120 08:49:48.598" level="INFO">${Msg_Campos_Vazios} = Preencha todos os lados</msg>
<status status="PASS" starttime="20200120 08:49:48.130" endtime="20200120 08:49:48.598"></status>
</kw>
<kw name="Log" library="BuiltIn">
<doc>Logs the given message with the given level.</doc>
<arguments>
<arg>${Msg_Campos_Vazios}</arg>
</arguments>
<msg timestamp="20200120 08:49:48.600" level="INFO">Preencha todos os lados</msg>
<status status="PASS" starttime="20200120 08:49:48.599" endtime="20200120 08:49:48.600"></status>
</kw>
<kw name="Capture Page Screenshot" library="SeleniumLibrary">
<doc>Takes a screenshot of the current page and embeds it into a log file.</doc>
<arguments>
<arg>ValidaCampos.png</arg>
</arguments>
<msg timestamp="20200120 08:49:48.944" level="INFO" html="yes">&lt;/td&gt;&lt;/tr&gt;&lt;tr&gt;&lt;td colspan="3"&gt;&lt;a href="ValidaCampos.png"&gt;&lt;img src="ValidaCampos.png" width="800px"&gt;&lt;/a&gt;</msg>
<status status="PASS" starttime="20200120 08:49:48.601" endtime="20200120 08:49:48.945"></status>
</kw>
<status status="PASS" starttime="20200120 08:49:47.642" endtime="20200120 08:49:48.946"></status>
</kw>
<tags>
<tag>camposObrigatorios</tag>
</tags>
<status status="PASS" starttime="20200120 08:49:46.365" endtime="20200120 08:49:48.947" critical="yes"></status>
</test>
<test id="s1-t7" name="Cenário de Teste: Validar o preenchimento do campo 1 e 2.">
<kw name="Dado que não preenchi o campo 1 e campo 2" library="resource">
<kw name="aguardar e preencher o campo" library="functions">
<arguments>
<arg>${CAMPOS[2]}</arg>
<arg>${equilatero[2]}</arg>
</arguments>
<kw name="Wait Until Keyword Succeeds" library="BuiltIn">
<doc>Runs the specified keyword and retries if it fails.</doc>
<arguments>
<arg>10s</arg>
<arg>0.1s</arg>
<arg>input text</arg>
<arg>${XPATH}</arg>
<arg>${TEXTO}</arg>
</arguments>
<kw name="Input Text" library="SeleniumLibrary">
<doc>Types the given ``text`` into the text field identified by ``locator``.</doc>
<arguments>
<arg>${XPATH}</arg>
<arg>${TEXTO}</arg>
</arguments>
<msg timestamp="20200120 08:49:48.965" level="INFO">Typing text '10' into text field 'xpath=/html/body/form/div/input[3]'.</msg>
<status status="PASS" starttime="20200120 08:49:48.962" endtime="20200120 08:49:49.752"></status>
</kw>
<status status="PASS" starttime="20200120 08:49:48.960" endtime="20200120 08:49:49.753"></status>
</kw>
<status status="PASS" starttime="20200120 08:49:48.956" endtime="20200120 08:49:49.753"></status>
</kw>
<status status="PASS" starttime="20200120 08:49:48.954" endtime="20200120 08:49:49.754"></status>
</kw>
<kw name="Quando clicar no botão Calcular" library="resource">
<kw name="aguardar e clicar no componente" library="functions">
<arguments>
<arg>${BTN_CALCULAR}</arg>
</arguments>
<kw name="Wait Until Keyword Succeeds" library="BuiltIn">
<doc>Runs the specified keyword and retries if it fails.</doc>
<arguments>
<arg>10s</arg>
<arg>0.1s</arg>
<arg>click element</arg>
<arg>${XPATH}</arg>
</arguments>
<kw name="Click Element" library="SeleniumLibrary">
<doc>Click the element identified by ``locator``.</doc>
<arguments>
<arg>${XPATH}</arg>
</arguments>
<msg timestamp="20200120 08:49:49.762" level="INFO">Clicking element 'xpath=/html/body/form/div/input[4]'.</msg>
<status status="PASS" starttime="20200120 08:49:49.761" endtime="20200120 08:49:50.677"></status>
</kw>
<status status="PASS" starttime="20200120 08:49:49.758" endtime="20200120 08:49:50.678"></status>
</kw>
<status status="PASS" starttime="20200120 08:49:49.756" endtime="20200120 08:49:50.680"></status>
</kw>
<status status="PASS" starttime="20200120 08:49:49.755" endtime="20200120 08:49:50.681"></status>
</kw>
<kw name="Então o sistema exibirá a mensagem &quot;Preencha todos os lados&quot;" library="resource">
<kw name="Wait Until Element Contains" library="SeleniumLibrary">
<doc>Waits until the element ``locator`` contains ``text``.</doc>
<arguments>
<arg>${CAMPOS[3]}</arg>
<arg>Preencha todos os lados</arg>
</arguments>
<status status="PASS" starttime="20200120 08:49:50.684" endtime="20200120 08:49:51.197"></status>
</kw>
<kw name="Get Text" library="SeleniumLibrary">
<doc>Returns the text value of the element identified by ``locator``.</doc>
<arguments>
<arg>${CAMPOS[3]}</arg>
</arguments>
<assign>
<var>${Msg_Campos_Vazios}</var>
</assign>
<msg timestamp="20200120 08:49:51.669" level="INFO">${Msg_Campos_Vazios} = Preencha todos os lados</msg>
<status status="PASS" starttime="20200120 08:49:51.198" endtime="20200120 08:49:51.669"></status>
</kw>
<kw name="Log" library="BuiltIn">
<doc>Logs the given message with the given level.</doc>
<arguments>
<arg>${Msg_Campos_Vazios}</arg>
</arguments>
<msg timestamp="20200120 08:49:51.671" level="INFO">Preencha todos os lados</msg>
<status status="PASS" starttime="20200120 08:49:51.670" endtime="20200120 08:49:51.672"></status>
</kw>
<kw name="Capture Page Screenshot" library="SeleniumLibrary">
<doc>Takes a screenshot of the current page and embeds it into a log file.</doc>
<arguments>
<arg>ValidaCampos.png</arg>
</arguments>
<msg timestamp="20200120 08:49:52.023" level="INFO" html="yes">&lt;/td&gt;&lt;/tr&gt;&lt;tr&gt;&lt;td colspan="3"&gt;&lt;a href="ValidaCampos.png"&gt;&lt;img src="ValidaCampos.png" width="800px"&gt;&lt;/a&gt;</msg>
<status status="PASS" starttime="20200120 08:49:51.673" endtime="20200120 08:49:52.024"></status>
</kw>
<status status="PASS" starttime="20200120 08:49:50.682" endtime="20200120 08:49:52.025"></status>
</kw>
<tags>
<tag>camposObrigatorios</tag>
</tags>
<status status="PASS" starttime="20200120 08:49:48.949" endtime="20200120 08:49:52.026" critical="yes"></status>
</test>
<test id="s1-t8" name="Cenário de Teste: Validar o preenchimento do campo 1 e 3.">
<kw name="Dado que não preenchi o campo 1 e campo 3" library="resource">
<kw name="aguardar e preencher o campo" library="functions">
<arguments>
<arg>${CAMPOS[1]}</arg>
<arg>${equilatero[1]}</arg>
</arguments>
<kw name="Wait Until Keyword Succeeds" library="BuiltIn">
<doc>Runs the specified keyword and retries if it fails.</doc>
<arguments>
<arg>10s</arg>
<arg>0.1s</arg>
<arg>input text</arg>
<arg>${XPATH}</arg>
<arg>${TEXTO}</arg>
</arguments>
<kw name="Input Text" library="SeleniumLibrary">
<doc>Types the given ``text`` into the text field identified by ``locator``.</doc>
<arguments>
<arg>${XPATH}</arg>
<arg>${TEXTO}</arg>
</arguments>
<msg timestamp="20200120 08:49:52.046" level="INFO">Typing text '10' into text field 'xpath=/html/body/form/div/input[2]'.</msg>
<status status="PASS" starttime="20200120 08:49:52.045" endtime="20200120 08:49:52.789"></status>
</kw>
<status status="PASS" starttime="20200120 08:49:52.041" endtime="20200120 08:49:52.789"></status>
</kw>
<status status="PASS" starttime="20200120 08:49:52.037" endtime="20200120 08:49:52.790"></status>
</kw>
<status status="PASS" starttime="20200120 08:49:52.034" endtime="20200120 08:49:52.790"></status>
</kw>
<kw name="Quando clicar no botão Calcular" library="resource">
<kw name="aguardar e clicar no componente" library="functions">
<arguments>
<arg>${BTN_CALCULAR}</arg>
</arguments>
<kw name="Wait Until Keyword Succeeds" library="BuiltIn">
<doc>Runs the specified keyword and retries if it fails.</doc>
<arguments>
<arg>10s</arg>
<arg>0.1s</arg>
<arg>click element</arg>
<arg>${XPATH}</arg>
</arguments>
<kw name="Click Element" library="SeleniumLibrary">
<doc>Click the element identified by ``locator``.</doc>
<arguments>
<arg>${XPATH}</arg>
</arguments>
<msg timestamp="20200120 08:49:52.799" level="INFO">Clicking element 'xpath=/html/body/form/div/input[4]'.</msg>
<status status="PASS" starttime="20200120 08:49:52.797" endtime="20200120 08:49:53.742"></status>
</kw>
<status status="PASS" starttime="20200120 08:49:52.795" endtime="20200120 08:49:53.743"></status>
</kw>
<status status="PASS" starttime="20200120 08:49:52.793" endtime="20200120 08:49:53.744"></status>
</kw>
<status status="PASS" starttime="20200120 08:49:52.791" endtime="20200120 08:49:53.745"></status>
</kw>
<kw name="Então o sistema exibirá a mensagem &quot;Preencha todos os lados&quot;" library="resource">
<kw name="Wait Until Element Contains" library="SeleniumLibrary">
<doc>Waits until the element ``locator`` contains ``text``.</doc>
<arguments>
<arg>${CAMPOS[3]}</arg>
<arg>Preencha todos os lados</arg>
</arguments>
<status status="PASS" starttime="20200120 08:49:53.750" endtime="20200120 08:49:54.258"></status>
</kw>
<kw name="Get Text" library="SeleniumLibrary">
<doc>Returns the text value of the element identified by ``locator``.</doc>
<arguments>
<arg>${CAMPOS[3]}</arg>
</arguments>
<assign>
<var>${Msg_Campos_Vazios}</var>
</assign>
<msg timestamp="20200120 08:49:54.755" level="INFO">${Msg_Campos_Vazios} = Preencha todos os lados</msg>
<status status="PASS" starttime="20200120 08:49:54.260" endtime="20200120 08:49:54.755"></status>
</kw>
<kw name="Log" library="BuiltIn">
<doc>Logs the given message with the given level.</doc>
<arguments>
<arg>${Msg_Campos_Vazios}</arg>
</arguments>
<msg timestamp="20200120 08:49:54.758" level="INFO">Preencha todos os lados</msg>
<status status="PASS" starttime="20200120 08:49:54.756" endtime="20200120 08:49:54.759"></status>
</kw>
<kw name="Capture Page Screenshot" library="SeleniumLibrary">
<doc>Takes a screenshot of the current page and embeds it into a log file.</doc>
<arguments>
<arg>ValidaCampos.png</arg>
</arguments>
<msg timestamp="20200120 08:49:55.117" level="INFO" html="yes">&lt;/td&gt;&lt;/tr&gt;&lt;tr&gt;&lt;td colspan="3"&gt;&lt;a href="ValidaCampos.png"&gt;&lt;img src="ValidaCampos.png" width="800px"&gt;&lt;/a&gt;</msg>
<status status="PASS" starttime="20200120 08:49:54.760" endtime="20200120 08:49:55.118"></status>
</kw>
<status status="PASS" starttime="20200120 08:49:53.746" endtime="20200120 08:49:55.118"></status>
</kw>
<tags>
<tag>camposObrigatorios</tag>
</tags>
<status status="PASS" starttime="20200120 08:49:52.029" endtime="20200120 08:49:55.119" critical="yes"></status>
</test>
<test id="s1-t9" name="Cenário de Teste: Validar o preenchimento do campo 2 e 3.">
<kw name="Dado que não preenchi o campo 2 e campo 3" library="resource">
<kw name="aguardar e preencher o campo" library="functions">
<arguments>
<arg>${CAMPOS[0]}</arg>
<arg>${equilatero[0]}</arg>
</arguments>
<kw name="Wait Until Keyword Succeeds" library="BuiltIn">
<doc>Runs the specified keyword and retries if it fails.</doc>
<arguments>
<arg>10s</arg>
<arg>0.1s</arg>
<arg>input text</arg>
<arg>${XPATH}</arg>
<arg>${TEXTO}</arg>
</arguments>
<kw name="Input Text" library="SeleniumLibrary">
<doc>Types the given ``text`` into the text field identified by ``locator``.</doc>
<arguments>
<arg>${XPATH}</arg>
<arg>${TEXTO}</arg>
</arguments>
<msg timestamp="20200120 08:49:55.138" level="INFO">Typing text '10' into text field 'xpath=/html/body/form/div/input[1]'.</msg>
<status status="PASS" starttime="20200120 08:49:55.136" endtime="20200120 08:49:55.933"></status>
</kw>
<status status="PASS" starttime="20200120 08:49:55.133" endtime="20200120 08:49:55.933"></status>
</kw>
<status status="PASS" starttime="20200120 08:49:55.129" endtime="20200120 08:49:55.934"></status>
</kw>
<status status="PASS" starttime="20200120 08:49:55.127" endtime="20200120 08:49:55.935"></status>
</kw>
<kw name="Quando clicar no botão Calcular" library="resource">
<kw name="aguardar e clicar no componente" library="functions">
<arguments>
<arg>${BTN_CALCULAR}</arg>
</arguments>
<kw name="Wait Until Keyword Succeeds" library="BuiltIn">
<doc>Runs the specified keyword and retries if it fails.</doc>
<arguments>
<arg>10s</arg>
<arg>0.1s</arg>
<arg>click element</arg>
<arg>${XPATH}</arg>
</arguments>
<kw name="Click Element" library="SeleniumLibrary">
<doc>Click the element identified by ``locator``.</doc>
<arguments>
<arg>${XPATH}</arg>
</arguments>
<msg timestamp="20200120 08:49:55.945" level="INFO">Clicking element 'xpath=/html/body/form/div/input[4]'.</msg>
<status status="PASS" starttime="20200120 08:49:55.942" endtime="20200120 08:49:56.901"></status>
</kw>
<status status="PASS" starttime="20200120 08:49:55.940" endtime="20200120 08:49:56.902"></status>
</kw>
<status status="PASS" starttime="20200120 08:49:55.938" endtime="20200120 08:49:56.902"></status>
</kw>
<status status="PASS" starttime="20200120 08:49:55.936" endtime="20200120 08:49:56.903"></status>
</kw>
<kw name="Então o sistema exibirá a mensagem &quot;Preencha todos os lados&quot;" library="resource">
<kw name="Wait Until Element Contains" library="SeleniumLibrary">
<doc>Waits until the element ``locator`` contains ``text``.</doc>
<arguments>
<arg>${CAMPOS[3]}</arg>
<arg>Preencha todos os lados</arg>
</arguments>
<status status="PASS" starttime="20200120 08:49:56.906" endtime="20200120 08:49:57.413"></status>
</kw>
<kw name="Get Text" library="SeleniumLibrary">
<doc>Returns the text value of the element identified by ``locator``.</doc>
<arguments>
<arg>${CAMPOS[3]}</arg>
</arguments>
<assign>
<var>${Msg_Campos_Vazios}</var>
</assign>
<msg timestamp="20200120 08:49:57.882" level="INFO">${Msg_Campos_Vazios} = Preencha todos os lados</msg>
<status status="PASS" starttime="20200120 08:49:57.414" endtime="20200120 08:49:57.883"></status>
</kw>
<kw name="Log" library="BuiltIn">
<doc>Logs the given message with the given level.</doc>
<arguments>
<arg>${Msg_Campos_Vazios}</arg>
</arguments>
<msg timestamp="20200120 08:49:57.885" level="INFO">Preencha todos os lados</msg>
<status status="PASS" starttime="20200120 08:49:57.883" endtime="20200120 08:49:57.885"></status>
</kw>
<kw name="Capture Page Screenshot" library="SeleniumLibrary">
<doc>Takes a screenshot of the current page and embeds it into a log file.</doc>
<arguments>
<arg>ValidaCampos.png</arg>
</arguments>
<msg timestamp="20200120 08:49:58.229" level="INFO" html="yes">&lt;/td&gt;&lt;/tr&gt;&lt;tr&gt;&lt;td colspan="3"&gt;&lt;a href="ValidaCampos.png"&gt;&lt;img src="ValidaCampos.png" width="800px"&gt;&lt;/a&gt;</msg>
<status status="PASS" starttime="20200120 08:49:57.886" endtime="20200120 08:49:58.230"></status>
</kw>
<status status="PASS" starttime="20200120 08:49:56.904" endtime="20200120 08:49:58.230"></status>
</kw>
<tags>
<tag>camposObrigatorios</tag>
</tags>
<status status="PASS" starttime="20200120 08:49:55.122" endtime="20200120 08:49:58.231" critical="yes"></status>
</test>
<test id="s1-t10" name="Cenário de Teste: Validar se o campo aceita caracteres e caracteres especiais.">
<kw name="Dado que preenchi os 3 campos com letras e caracteres especiais" library="resource">
<kw name="${auxiliar} IN RANGE [ 0 | 3 ]" type="for">
<kw name="${auxiliar} = 0" type="foritem">
<kw name="aguardar e preencher o campo" library="functions">
<arguments>
<arg>${CAMPOS[${auxiliar}]}</arg>
<arg>${letras[${auxiliar}]}</arg>
</arguments>
<kw name="Wait Until Keyword Succeeds" library="BuiltIn">
<doc>Runs the specified keyword and retries if it fails.</doc>
<arguments>
<arg>10s</arg>
<arg>0.1s</arg>
<arg>input text</arg>
<arg>${XPATH}</arg>
<arg>${TEXTO}</arg>
</arguments>
<kw name="Input Text" library="SeleniumLibrary">
<doc>Types the given ``text`` into the text field identified by ``locator``.</doc>
<arguments>
<arg>${XPATH}</arg>
<arg>${TEXTO}</arg>
</arguments>
<msg timestamp="20200120 08:49:58.252" level="INFO">Typing text 'e+-' into text field 'xpath=/html/body/form/div/input[1]'.</msg>
<status status="PASS" starttime="20200120 08:49:58.250" endtime="20200120 08:49:59.036"></status>
</kw>
<status status="PASS" starttime="20200120 08:49:58.246" endtime="20200120 08:49:59.036"></status>
</kw>
<status status="PASS" starttime="20200120 08:49:58.241" endtime="20200120 08:49:59.037"></status>
</kw>
<kw name="Log" library="BuiltIn">
<doc>Logs the given message with the given level.</doc>
<arguments>
<arg>${letras[${auxiliar}]}</arg>
</arguments>
<msg timestamp="20200120 08:49:59.039" level="INFO">e+-</msg>
<status status="PASS" starttime="20200120 08:49:59.037" endtime="20200120 08:49:59.039"></status>
</kw>
<kw name="Quando clicar no botão Calcular" library="resource">
<kw name="aguardar e clicar no componente" library="functions">
<arguments>
<arg>${BTN_CALCULAR}</arg>
</arguments>
<kw name="Wait Until Keyword Succeeds" library="BuiltIn">
<doc>Runs the specified keyword and retries if it fails.</doc>
<arguments>
<arg>10s</arg>
<arg>0.1s</arg>
<arg>click element</arg>
<arg>${XPATH}</arg>
</arguments>
<kw name="Click Element" library="SeleniumLibrary">
<doc>Click the element identified by ``locator``.</doc>
<arguments>
<arg>${XPATH}</arg>
</arguments>
<msg timestamp="20200120 08:49:59.046" level="INFO">Clicking element 'xpath=/html/body/form/div/input[4]'.</msg>
<status status="PASS" starttime="20200120 08:49:59.045" endtime="20200120 08:49:59.541"></status>
</kw>
<status status="PASS" starttime="20200120 08:49:59.043" endtime="20200120 08:49:59.541"></status>
</kw>
<status status="PASS" starttime="20200120 08:49:59.041" endtime="20200120 08:49:59.541"></status>
</kw>
<status status="PASS" starttime="20200120 08:49:59.040" endtime="20200120 08:49:59.542"></status>
</kw>
<kw name="Então o sistema exibirá a mensagem &quot;! Insira um número&quot;" library="functions">
<kw name="Capture Page Screenshot" library="SeleniumLibrary">
<doc>Takes a screenshot of the current page and embeds it into a log file.</doc>
<arguments>
<arg>somenteNumeros.png</arg>
</arguments>
<msg timestamp="20200120 08:49:59.884" level="INFO" html="yes">&lt;/td&gt;&lt;/tr&gt;&lt;tr&gt;&lt;td colspan="3"&gt;&lt;a href="somenteNumeros.png"&gt;&lt;img src="somenteNumeros.png" width="800px"&gt;&lt;/a&gt;</msg>
<status status="PASS" starttime="20200120 08:49:59.542" endtime="20200120 08:49:59.885"></status>
</kw>
<status status="PASS" starttime="20200120 08:49:59.542" endtime="20200120 08:49:59.885"></status>
</kw>
<kw name="aguardar e preencher o campo" library="functions">
<arguments>
<arg>${CAMPOS[${auxiliar}]}</arg>
<arg>4</arg>
</arguments>
<kw name="Wait Until Keyword Succeeds" library="BuiltIn">
<doc>Runs the specified keyword and retries if it fails.</doc>
<arguments>
<arg>10s</arg>
<arg>0.1s</arg>
<arg>input text</arg>
<arg>${XPATH}</arg>
<arg>${TEXTO}</arg>
</arguments>
<kw name="Input Text" library="SeleniumLibrary">
<doc>Types the given ``text`` into the text field identified by ``locator``.</doc>
<arguments>
<arg>${XPATH}</arg>
<arg>${TEXTO}</arg>
</arguments>
<msg timestamp="20200120 08:49:59.889" level="INFO">Typing text '4' into text field 'xpath=/html/body/form/div/input[1]'.</msg>
<status status="PASS" starttime="20200120 08:49:59.889" endtime="20200120 08:50:00.614"></status>
</kw>
<status status="PASS" starttime="20200120 08:49:59.887" endtime="20200120 08:50:00.614"></status>
</kw>
<status status="PASS" starttime="20200120 08:49:59.885" endtime="20200120 08:50:00.615"></status>
</kw>
<status status="PASS" starttime="20200120 08:49:58.240" endtime="20200120 08:50:00.615"></status>
</kw>
<kw name="${auxiliar} = 1" type="foritem">
<kw name="aguardar e preencher o campo" library="functions">
<arguments>
<arg>${CAMPOS[${auxiliar}]}</arg>
<arg>${letras[${auxiliar}]}</arg>
</arguments>
<kw name="Wait Until Keyword Succeeds" library="BuiltIn">
<doc>Runs the specified keyword and retries if it fails.</doc>
<arguments>
<arg>10s</arg>
<arg>0.1s</arg>
<arg>input text</arg>
<arg>${XPATH}</arg>
<arg>${TEXTO}</arg>
</arguments>
<kw name="Input Text" library="SeleniumLibrary">
<doc>Types the given ``text`` into the text field identified by ``locator``.</doc>
<arguments>
<arg>${XPATH}</arg>
<arg>${TEXTO}</arg>
</arguments>
<msg timestamp="20200120 08:50:00.622" level="INFO">Typing text '.,e' into text field 'xpath=/html/body/form/div/input[2]'.</msg>
<status status="PASS" starttime="20200120 08:50:00.621" endtime="20200120 08:50:01.372"></status>
</kw>
<status status="PASS" starttime="20200120 08:50:00.619" endtime="20200120 08:50:01.373"></status>
</kw>
<status status="PASS" starttime="20200120 08:50:00.616" endtime="20200120 08:50:01.374"></status>
</kw>
<kw name="Log" library="BuiltIn">
<doc>Logs the given message with the given level.</doc>
<arguments>
<arg>${letras[${auxiliar}]}</arg>
</arguments>
<msg timestamp="20200120 08:50:01.376" level="INFO">.,e</msg>
<status status="PASS" starttime="20200120 08:50:01.374" endtime="20200120 08:50:01.376"></status>
</kw>
<kw name="Quando clicar no botão Calcular" library="resource">
<kw name="aguardar e clicar no componente" library="functions">
<arguments>
<arg>${BTN_CALCULAR}</arg>
</arguments>
<kw name="Wait Until Keyword Succeeds" library="BuiltIn">
<doc>Runs the specified keyword and retries if it fails.</doc>
<arguments>
<arg>10s</arg>
<arg>0.1s</arg>
<arg>click element</arg>
<arg>${XPATH}</arg>
</arguments>
<kw name="Click Element" library="SeleniumLibrary">
<doc>Click the element identified by ``locator``.</doc>
<arguments>
<arg>${XPATH}</arg>
</arguments>
<msg timestamp="20200120 08:50:01.383" level="INFO">Clicking element 'xpath=/html/body/form/div/input[4]'.</msg>
<status status="PASS" starttime="20200120 08:50:01.382" endtime="20200120 08:50:01.923"></status>
</kw>
<status status="PASS" starttime="20200120 08:50:01.380" endtime="20200120 08:50:01.924"></status>
</kw>
<status status="PASS" starttime="20200120 08:50:01.379" endtime="20200120 08:50:01.924"></status>
</kw>
<status status="PASS" starttime="20200120 08:50:01.377" endtime="20200120 08:50:01.924"></status>
</kw>
<kw name="Então o sistema exibirá a mensagem &quot;! Insira um número&quot;" library="functions">
<kw name="Capture Page Screenshot" library="SeleniumLibrary">
<doc>Takes a screenshot of the current page and embeds it into a log file.</doc>
<arguments>
<arg>somenteNumeros.png</arg>
</arguments>
<msg timestamp="20200120 08:50:02.272" level="INFO" html="yes">&lt;/td&gt;&lt;/tr&gt;&lt;tr&gt;&lt;td colspan="3"&gt;&lt;a href="somenteNumeros.png"&gt;&lt;img src="somenteNumeros.png" width="800px"&gt;&lt;/a&gt;</msg>
<status status="PASS" starttime="20200120 08:50:01.926" endtime="20200120 08:50:02.272"></status>
</kw>
<status status="PASS" starttime="20200120 08:50:01.925" endtime="20200120 08:50:02.272"></status>
</kw>
<kw name="aguardar e preencher o campo" library="functions">
<arguments>
<arg>${CAMPOS[${auxiliar}]}</arg>
<arg>4</arg>
</arguments>
<kw name="Wait Until Keyword Succeeds" library="BuiltIn">
<doc>Runs the specified keyword and retries if it fails.</doc>
<arguments>
<arg>10s</arg>
<arg>0.1s</arg>
<arg>input text</arg>
<arg>${XPATH}</arg>
<arg>${TEXTO}</arg>
</arguments>
<kw name="Input Text" library="SeleniumLibrary">
<doc>Types the given ``text`` into the text field identified by ``locator``.</doc>
<arguments>
<arg>${XPATH}</arg>
<arg>${TEXTO}</arg>
</arguments>
<msg timestamp="20200120 08:50:02.274" level="INFO">Typing text '4' into text field 'xpath=/html/body/form/div/input[2]'.</msg>
<status status="PASS" starttime="20200120 08:50:02.273" endtime="20200120 08:50:03.172"></status>
</kw>
<status status="PASS" starttime="20200120 08:50:02.273" endtime="20200120 08:50:03.173"></status>
</kw>
<status status="PASS" starttime="20200120 08:50:02.272" endtime="20200120 08:50:03.173"></status>
</kw>
<status status="PASS" starttime="20200120 08:50:00.616" endtime="20200120 08:50:03.173"></status>
</kw>
<kw name="${auxiliar} = 2" type="foritem">
<kw name="aguardar e preencher o campo" library="functions">
<arguments>
<arg>${CAMPOS[${auxiliar}]}</arg>
<arg>${letras[${auxiliar}]}</arg>
</arguments>
<kw name="Wait Until Keyword Succeeds" library="BuiltIn">
<doc>Runs the specified keyword and retries if it fails.</doc>
<arguments>
<arg>10s</arg>
<arg>0.1s</arg>
<arg>input text</arg>
<arg>${XPATH}</arg>
<arg>${TEXTO}</arg>
</arguments>
<kw name="Input Text" library="SeleniumLibrary">
<doc>Types the given ``text`` into the text field identified by ``locator``.</doc>
<arguments>
<arg>${XPATH}</arg>
<arg>${TEXTO}</arg>
</arguments>
<msg timestamp="20200120 08:50:03.181" level="INFO">Typing text 'E.,+-' into text field 'xpath=/html/body/form/div/input[3]'.</msg>
<status status="PASS" starttime="20200120 08:50:03.180" endtime="20200120 08:50:03.976"></status>
</kw>
<status status="PASS" starttime="20200120 08:50:03.177" endtime="20200120 08:50:03.976"></status>
</kw>
<status status="PASS" starttime="20200120 08:50:03.174" endtime="20200120 08:50:03.977"></status>
</kw>
<kw name="Log" library="BuiltIn">
<doc>Logs the given message with the given level.</doc>
<arguments>
<arg>${letras[${auxiliar}]}</arg>
</arguments>
<msg timestamp="20200120 08:50:03.979" level="INFO">E.,+-</msg>
<status status="PASS" starttime="20200120 08:50:03.977" endtime="20200120 08:50:03.980"></status>
</kw>
<kw name="Quando clicar no botão Calcular" library="resource">
<kw name="aguardar e clicar no componente" library="functions">
<arguments>
<arg>${BTN_CALCULAR}</arg>
</arguments>
<kw name="Wait Until Keyword Succeeds" library="BuiltIn">
<doc>Runs the specified keyword and retries if it fails.</doc>
<arguments>
<arg>10s</arg>
<arg>0.1s</arg>
<arg>click element</arg>
<arg>${XPATH}</arg>
</arguments>
<kw name="Click Element" library="SeleniumLibrary">
<doc>Click the element identified by ``locator``.</doc>
<arguments>
<arg>${XPATH}</arg>
</arguments>
<msg timestamp="20200120 08:50:03.986" level="INFO">Clicking element 'xpath=/html/body/form/div/input[4]'.</msg>
<status status="PASS" starttime="20200120 08:50:03.985" endtime="20200120 08:50:04.498"></status>
</kw>
<status status="PASS" starttime="20200120 08:50:03.983" endtime="20200120 08:50:04.498"></status>
</kw>
<status status="PASS" starttime="20200120 08:50:03.981" endtime="20200120 08:50:04.498"></status>
</kw>
<status status="PASS" starttime="20200120 08:50:03.980" endtime="20200120 08:50:04.499"></status>
</kw>
<kw name="Então o sistema exibirá a mensagem &quot;! Insira um número&quot;" library="functions">
<kw name="Capture Page Screenshot" library="SeleniumLibrary">
<doc>Takes a screenshot of the current page and embeds it into a log file.</doc>
<arguments>
<arg>somenteNumeros.png</arg>
</arguments>
<msg timestamp="20200120 08:50:04.838" level="INFO" html="yes">&lt;/td&gt;&lt;/tr&gt;&lt;tr&gt;&lt;td colspan="3"&gt;&lt;a href="somenteNumeros.png"&gt;&lt;img src="somenteNumeros.png" width="800px"&gt;&lt;/a&gt;</msg>
<status status="PASS" starttime="20200120 08:50:04.500" endtime="20200120 08:50:04.838"></status>
</kw>
<status status="PASS" starttime="20200120 08:50:04.499" endtime="20200120 08:50:04.839"></status>
</kw>
<kw name="aguardar e preencher o campo" library="functions">
<arguments>
<arg>${CAMPOS[${auxiliar}]}</arg>
<arg>4</arg>
</arguments>
<kw name="Wait Until Keyword Succeeds" library="BuiltIn">
<doc>Runs the specified keyword and retries if it fails.</doc>
<arguments>
<arg>10s</arg>
<arg>0.1s</arg>
<arg>input text</arg>
<arg>${XPATH}</arg>
<arg>${TEXTO}</arg>
</arguments>
<kw name="Input Text" library="SeleniumLibrary">
<doc>Types the given ``text`` into the text field identified by ``locator``.</doc>
<arguments>
<arg>${XPATH}</arg>
<arg>${TEXTO}</arg>
</arguments>
<msg timestamp="20200120 08:50:04.843" level="INFO">Typing text '4' into text field 'xpath=/html/body/form/div/input[3]'.</msg>
<status status="PASS" starttime="20200120 08:50:04.843" endtime="20200120 08:50:05.608"></status>
</kw>
<status status="PASS" starttime="20200120 08:50:04.842" endtime="20200120 08:50:05.608"></status>
</kw>
<status status="PASS" starttime="20200120 08:50:04.840" endtime="20200120 08:50:05.609"></status>
</kw>
<status status="PASS" starttime="20200120 08:50:03.174" endtime="20200120 08:50:05.609"></status>
</kw>
<status status="PASS" starttime="20200120 08:49:58.239" endtime="20200120 08:50:05.609"></status>
</kw>
<status status="PASS" starttime="20200120 08:49:58.237" endtime="20200120 08:50:05.609"></status>
</kw>
<kw name="Quando clicar no botão Calcular" library="resource">
<kw name="aguardar e clicar no componente" library="functions">
<arguments>
<arg>${BTN_CALCULAR}</arg>
</arguments>
<kw name="Wait Until Keyword Succeeds" library="BuiltIn">
<doc>Runs the specified keyword and retries if it fails.</doc>
<arguments>
<arg>10s</arg>
<arg>0.1s</arg>
<arg>click element</arg>
<arg>${XPATH}</arg>
</arguments>
<kw name="Click Element" library="SeleniumLibrary">
<doc>Click the element identified by ``locator``.</doc>
<arguments>
<arg>${XPATH}</arg>
</arguments>
<msg timestamp="20200120 08:50:05.620" level="INFO">Clicking element 'xpath=/html/body/form/div/input[4]'.</msg>
<status status="PASS" starttime="20200120 08:50:05.618" endtime="20200120 08:50:06.556"></status>
</kw>
<status status="PASS" starttime="20200120 08:50:05.615" endtime="20200120 08:50:06.556"></status>
</kw>
<status status="PASS" starttime="20200120 08:50:05.612" endtime="20200120 08:50:06.557"></status>
</kw>
<status status="PASS" starttime="20200120 08:50:05.611" endtime="20200120 08:50:06.557"></status>
</kw>
<kw name="Então o sistema exibirá a mensagem &quot;! Insira um número&quot;" library="functions">
<kw name="Capture Page Screenshot" library="SeleniumLibrary">
<doc>Takes a screenshot of the current page and embeds it into a log file.</doc>
<arguments>
<arg>somenteNumeros.png</arg>
</arguments>
<msg timestamp="20200120 08:50:06.945" level="INFO" html="yes">&lt;/td&gt;&lt;/tr&gt;&lt;tr&gt;&lt;td colspan="3"&gt;&lt;a href="somenteNumeros.png"&gt;&lt;img src="somenteNumeros.png" width="800px"&gt;&lt;/a&gt;</msg>
<status status="PASS" starttime="20200120 08:50:06.559" endtime="20200120 08:50:06.945"></status>
</kw>
<status status="PASS" starttime="20200120 08:50:06.558" endtime="20200120 08:50:06.946"></status>
</kw>
<tags>
<tag>somenteNumero</tag>
</tags>
<status status="PASS" starttime="20200120 08:49:58.234" endtime="20200120 08:50:06.948" critical="yes"></status>
</test>
<test id="s1-t11" name="Cenário de Teste: Validar se o valor informado é maior do que 0 (zero).">
<kw name="Dado que preenchi os 3 campos com números inferiores a 1" library="resource">
<kw name="${x} IN RANGE [ 0 | 3 ]" type="for">
<kw name="${x} = 0" type="foritem">
<kw name="aguardar e preencher o campo" library="functions">
<arguments>
<arg>${CAMPOS[0]}</arg>
<arg>${invalido[${x}]}</arg>
</arguments>
<kw name="Wait Until Keyword Succeeds" library="BuiltIn">
<doc>Runs the specified keyword and retries if it fails.</doc>
<arguments>
<arg>10s</arg>
<arg>0.1s</arg>
<arg>input text</arg>
<arg>${XPATH}</arg>
<arg>${TEXTO}</arg>
</arguments>
<kw name="Input Text" library="SeleniumLibrary">
<doc>Types the given ``text`` into the text field identified by ``locator``.</doc>
<arguments>
<arg>${XPATH}</arg>
<arg>${TEXTO}</arg>
</arguments>
<msg timestamp="20200120 08:50:06.977" level="INFO">Typing text '-1' into text field 'xpath=/html/body/form/div/input[1]'.</msg>
<status status="PASS" starttime="20200120 08:50:06.975" endtime="20200120 08:50:07.742"></status>
</kw>
<status status="PASS" starttime="20200120 08:50:06.971" endtime="20200120 08:50:07.742"></status>
</kw>
<status status="PASS" starttime="20200120 08:50:06.962" endtime="20200120 08:50:07.743"></status>
</kw>
<kw name="aguardar e preencher o campo" library="functions">
<arguments>
<arg>${CAMPOS[1]}</arg>
<arg>${invalido[${x}]}</arg>
</arguments>
<kw name="Wait Until Keyword Succeeds" library="BuiltIn">
<doc>Runs the specified keyword and retries if it fails.</doc>
<arguments>
<arg>10s</arg>
<arg>0.1s</arg>
<arg>input text</arg>
<arg>${XPATH}</arg>
<arg>${TEXTO}</arg>
</arguments>
<kw name="Input Text" library="SeleniumLibrary">
<doc>Types the given ``text`` into the text field identified by ``locator``.</doc>
<arguments>
<arg>${XPATH}</arg>
<arg>${TEXTO}</arg>
</arguments>
<msg timestamp="20200120 08:50:07.750" level="INFO">Typing text '-1' into text field 'xpath=/html/body/form/div/input[2]'.</msg>
<status status="PASS" starttime="20200120 08:50:07.748" endtime="20200120 08:50:08.509"></status>
</kw>
<status status="PASS" starttime="20200120 08:50:07.747" endtime="20200120 08:50:08.510"></status>
</kw>
<status status="PASS" starttime="20200120 08:50:07.744" endtime="20200120 08:50:08.510"></status>
</kw>
<kw name="aguardar e preencher o campo" library="functions">
<arguments>
<arg>${CAMPOS[2]}</arg>
<arg>${invalido[${x}]}</arg>
</arguments>
<kw name="Wait Until Keyword Succeeds" library="BuiltIn">
<doc>Runs the specified keyword and retries if it fails.</doc>
<arguments>
<arg>10s</arg>
<arg>0.1s</arg>
<arg>input text</arg>
<arg>${XPATH}</arg>
<arg>${TEXTO}</arg>
</arguments>
<kw name="Input Text" library="SeleniumLibrary">
<doc>Types the given ``text`` into the text field identified by ``locator``.</doc>
<arguments>
<arg>${XPATH}</arg>
<arg>${TEXTO}</arg>
</arguments>
<msg timestamp="20200120 08:50:08.519" level="INFO">Typing text '-1' into text field 'xpath=/html/body/form/div/input[3]'.</msg>
<status status="PASS" starttime="20200120 08:50:08.517" endtime="20200120 08:50:09.308"></status>
</kw>
<status status="PASS" starttime="20200120 08:50:08.515" endtime="20200120 08:50:09.308"></status>
</kw>
<status status="PASS" starttime="20200120 08:50:08.511" endtime="20200120 08:50:09.309"></status>
</kw>
<kw name="Quando clicar no botão Calcular" library="resource">
<kw name="aguardar e clicar no componente" library="functions">
<arguments>
<arg>${BTN_CALCULAR}</arg>
</arguments>
<kw name="Wait Until Keyword Succeeds" library="BuiltIn">
<doc>Runs the specified keyword and retries if it fails.</doc>
<arguments>
<arg>10s</arg>
<arg>0.1s</arg>
<arg>click element</arg>
<arg>${XPATH}</arg>
</arguments>
<kw name="Click Element" library="SeleniumLibrary">
<doc>Click the element identified by ``locator``.</doc>
<arguments>
<arg>${XPATH}</arg>
</arguments>
<msg timestamp="20200120 08:50:09.316" level="INFO">Clicking element 'xpath=/html/body/form/div/input[4]'.</msg>
<status status="PASS" starttime="20200120 08:50:09.314" endtime="20200120 08:50:10.261"></status>
</kw>
<status status="PASS" starttime="20200120 08:50:09.313" endtime="20200120 08:50:10.262"></status>
</kw>
<status status="PASS" starttime="20200120 08:50:09.311" endtime="20200120 08:50:10.263"></status>
</kw>
<status status="PASS" starttime="20200120 08:50:09.310" endtime="20200120 08:50:10.264"></status>
</kw>
<status status="PASS" starttime="20200120 08:50:06.960" endtime="20200120 08:50:10.264"></status>
</kw>
<kw name="${x} = 1" type="foritem">
<kw name="aguardar e preencher o campo" library="functions">
<arguments>
<arg>${CAMPOS[0]}</arg>
<arg>${invalido[${x}]}</arg>
</arguments>
<kw name="Wait Until Keyword Succeeds" library="BuiltIn">
<doc>Runs the specified keyword and retries if it fails.</doc>
<arguments>
<arg>10s</arg>
<arg>0.1s</arg>
<arg>input text</arg>
<arg>${XPATH}</arg>
<arg>${TEXTO}</arg>
</arguments>
<kw name="Input Text" library="SeleniumLibrary">
<doc>Types the given ``text`` into the text field identified by ``locator``.</doc>
<arguments>
<arg>${XPATH}</arg>
<arg>${TEXTO}</arg>
</arguments>
<msg timestamp="20200120 08:50:10.286" level="INFO">Typing text '0' into text field 'xpath=/html/body/form/div/input[1]'.</msg>
<status status="PASS" starttime="20200120 08:50:10.278" endtime="20200120 08:50:11.098"></status>
</kw>
<status status="PASS" starttime="20200120 08:50:10.270" endtime="20200120 08:50:11.099"></status>
</kw>
<status status="PASS" starttime="20200120 08:50:10.266" endtime="20200120 08:50:11.100"></status>
</kw>
<kw name="aguardar e preencher o campo" library="functions">
<arguments>
<arg>${CAMPOS[1]}</arg>
<arg>${invalido[${x}]}</arg>
</arguments>
<kw name="Wait Until Keyword Succeeds" library="BuiltIn">
<doc>Runs the specified keyword and retries if it fails.</doc>
<arguments>
<arg>10s</arg>
<arg>0.1s</arg>
<arg>input text</arg>
<arg>${XPATH}</arg>
<arg>${TEXTO}</arg>
</arguments>
<kw name="Input Text" library="SeleniumLibrary">
<doc>Types the given ``text`` into the text field identified by ``locator``.</doc>
<arguments>
<arg>${XPATH}</arg>
<arg>${TEXTO}</arg>
</arguments>
<msg timestamp="20200120 08:50:11.106" level="INFO">Typing text '0' into text field 'xpath=/html/body/form/div/input[2]'.</msg>
<status status="PASS" starttime="20200120 08:50:11.105" endtime="20200120 08:50:11.919"></status>
</kw>
<status status="PASS" starttime="20200120 08:50:11.103" endtime="20200120 08:50:11.920"></status>
</kw>
<status status="PASS" starttime="20200120 08:50:11.100" endtime="20200120 08:50:11.920"></status>
</kw>
<kw name="aguardar e preencher o campo" library="functions">
<arguments>
<arg>${CAMPOS[2]}</arg>
<arg>${invalido[${x}]}</arg>
</arguments>
<kw name="Wait Until Keyword Succeeds" library="BuiltIn">
<doc>Runs the specified keyword and retries if it fails.</doc>
<arguments>
<arg>10s</arg>
<arg>0.1s</arg>
<arg>input text</arg>
<arg>${XPATH}</arg>
<arg>${TEXTO}</arg>
</arguments>
<kw name="Input Text" library="SeleniumLibrary">
<doc>Types the given ``text`` into the text field identified by ``locator``.</doc>
<arguments>
<arg>${XPATH}</arg>
<arg>${TEXTO}</arg>
</arguments>
<msg timestamp="20200120 08:50:11.927" level="INFO">Typing text '0' into text field 'xpath=/html/body/form/div/input[3]'.</msg>
<status status="PASS" starttime="20200120 08:50:11.926" endtime="20200120 08:50:12.681"></status>
</kw>
<status status="PASS" starttime="20200120 08:50:11.924" endtime="20200120 08:50:12.682"></status>
</kw>
<status status="PASS" starttime="20200120 08:50:11.921" endtime="20200120 08:50:12.682"></status>
</kw>
<kw name="Quando clicar no botão Calcular" library="resource">
<kw name="aguardar e clicar no componente" library="functions">
<arguments>
<arg>${BTN_CALCULAR}</arg>
</arguments>
<kw name="Wait Until Keyword Succeeds" library="BuiltIn">
<doc>Runs the specified keyword and retries if it fails.</doc>
<arguments>
<arg>10s</arg>
<arg>0.1s</arg>
<arg>click element</arg>
<arg>${XPATH}</arg>
</arguments>
<kw name="Click Element" library="SeleniumLibrary">
<doc>Click the element identified by ``locator``.</doc>
<arguments>
<arg>${XPATH}</arg>
</arguments>
<msg timestamp="20200120 08:50:12.689" level="INFO">Clicking element 'xpath=/html/body/form/div/input[4]'.</msg>
<status status="PASS" starttime="20200120 08:50:12.688" endtime="20200120 08:50:13.590"></status>
</kw>
<status status="PASS" starttime="20200120 08:50:12.686" endtime="20200120 08:50:13.590"></status>
</kw>
<status status="PASS" starttime="20200120 08:50:12.684" endtime="20200120 08:50:13.591"></status>
</kw>
<status status="PASS" starttime="20200120 08:50:12.683" endtime="20200120 08:50:13.591"></status>
</kw>
<status status="PASS" starttime="20200120 08:50:10.265" endtime="20200120 08:50:13.591"></status>
</kw>
<kw name="${x} = 2" type="foritem">
<kw name="aguardar e preencher o campo" library="functions">
<arguments>
<arg>${CAMPOS[0]}</arg>
<arg>${invalido[${x}]}</arg>
</arguments>
<kw name="Wait Until Keyword Succeeds" library="BuiltIn">
<doc>Runs the specified keyword and retries if it fails.</doc>
<arguments>
<arg>10s</arg>
<arg>0.1s</arg>
<arg>input text</arg>
<arg>${XPATH}</arg>
<arg>${TEXTO}</arg>
</arguments>
<kw name="Input Text" library="SeleniumLibrary">
<doc>Types the given ``text`` into the text field identified by ``locator``.</doc>
<arguments>
<arg>${XPATH}</arg>
<arg>${TEXTO}</arg>
</arguments>
<msg timestamp="20200120 08:50:13.599" level="INFO">Typing text '-80' into text field 'xpath=/html/body/form/div/input[1]'.</msg>
<status status="PASS" starttime="20200120 08:50:13.597" endtime="20200120 08:50:14.387"></status>
</kw>
<status status="PASS" starttime="20200120 08:50:13.595" endtime="20200120 08:50:14.388"></status>
</kw>
<status status="PASS" starttime="20200120 08:50:13.592" endtime="20200120 08:50:14.388"></status>
</kw>
<kw name="aguardar e preencher o campo" library="functions">
<arguments>
<arg>${CAMPOS[1]}</arg>
<arg>${invalido[${x}]}</arg>
</arguments>
<kw name="Wait Until Keyword Succeeds" library="BuiltIn">
<doc>Runs the specified keyword and retries if it fails.</doc>
<arguments>
<arg>10s</arg>
<arg>0.1s</arg>
<arg>input text</arg>
<arg>${XPATH}</arg>
<arg>${TEXTO}</arg>
</arguments>
<kw name="Input Text" library="SeleniumLibrary">
<doc>Types the given ``text`` into the text field identified by ``locator``.</doc>
<arguments>
<arg>${XPATH}</arg>
<arg>${TEXTO}</arg>
</arguments>
<msg timestamp="20200120 08:50:14.395" level="INFO">Typing text '-80' into text field 'xpath=/html/body/form/div/input[2]'.</msg>
<status status="PASS" starttime="20200120 08:50:14.394" endtime="20200120 08:50:15.189"></status>
</kw>
<status status="PASS" starttime="20200120 08:50:14.392" endtime="20200120 08:50:15.189"></status>
</kw>
<status status="PASS" starttime="20200120 08:50:14.389" endtime="20200120 08:50:15.190"></status>
</kw>
<kw name="aguardar e preencher o campo" library="functions">
<arguments>
<arg>${CAMPOS[2]}</arg>
<arg>${invalido[${x}]}</arg>
</arguments>
<kw name="Wait Until Keyword Succeeds" library="BuiltIn">
<doc>Runs the specified keyword and retries if it fails.</doc>
<arguments>
<arg>10s</arg>
<arg>0.1s</arg>
<arg>input text</arg>
<arg>${XPATH}</arg>
<arg>${TEXTO}</arg>
</arguments>
<kw name="Input Text" library="SeleniumLibrary">
<doc>Types the given ``text`` into the text field identified by ``locator``.</doc>
<arguments>
<arg>${XPATH}</arg>
<arg>${TEXTO}</arg>
</arguments>
<msg timestamp="20200120 08:50:15.197" level="INFO">Typing text '-80' into text field 'xpath=/html/body/form/div/input[3]'.</msg>
<status status="PASS" starttime="20200120 08:50:15.196" endtime="20200120 08:50:15.965"></status>
</kw>
<status status="PASS" starttime="20200120 08:50:15.194" endtime="20200120 08:50:15.965"></status>
</kw>
<status status="PASS" starttime="20200120 08:50:15.191" endtime="20200120 08:50:15.966"></status>
</kw>
<kw name="Quando clicar no botão Calcular" library="resource">
<kw name="aguardar e clicar no componente" library="functions">
<arguments>
<arg>${BTN_CALCULAR}</arg>
</arguments>
<kw name="Wait Until Keyword Succeeds" library="BuiltIn">
<doc>Runs the specified keyword and retries if it fails.</doc>
<arguments>
<arg>10s</arg>
<arg>0.1s</arg>
<arg>click element</arg>
<arg>${XPATH}</arg>
</arguments>
<kw name="Click Element" library="SeleniumLibrary">
<doc>Click the element identified by ``locator``.</doc>
<arguments>
<arg>${XPATH}</arg>
</arguments>
<msg timestamp="20200120 08:50:15.972" level="INFO">Clicking element 'xpath=/html/body/form/div/input[4]'.</msg>
<status status="PASS" starttime="20200120 08:50:15.971" endtime="20200120 08:50:16.932"></status>
</kw>
<status status="PASS" starttime="20200120 08:50:15.969" endtime="20200120 08:50:16.932"></status>
</kw>
<status status="PASS" starttime="20200120 08:50:15.968" endtime="20200120 08:50:16.933"></status>
</kw>
<status status="PASS" starttime="20200120 08:50:15.966" endtime="20200120 08:50:16.933"></status>
</kw>
<status status="PASS" starttime="20200120 08:50:13.592" endtime="20200120 08:50:16.934"></status>
</kw>
<status status="PASS" starttime="20200120 08:50:06.958" endtime="20200120 08:50:16.934"></status>
</kw>
<status status="PASS" starttime="20200120 08:50:06.956" endtime="20200120 08:50:16.936"></status>
</kw>
<kw name="Quando clicar no botão Calcular" library="resource">
<kw name="aguardar e clicar no componente" library="functions">
<arguments>
<arg>${BTN_CALCULAR}</arg>
</arguments>
<kw name="Wait Until Keyword Succeeds" library="BuiltIn">
<doc>Runs the specified keyword and retries if it fails.</doc>
<arguments>
<arg>10s</arg>
<arg>0.1s</arg>
<arg>click element</arg>
<arg>${XPATH}</arg>
</arguments>
<kw name="Click Element" library="SeleniumLibrary">
<doc>Click the element identified by ``locator``.</doc>
<arguments>
<arg>${XPATH}</arg>
</arguments>
<msg timestamp="20200120 08:50:16.958" level="INFO">Clicking element 'xpath=/html/body/form/div/input[4]'.</msg>
<status status="PASS" starttime="20200120 08:50:16.956" endtime="20200120 08:50:17.966"></status>
</kw>
<status status="PASS" starttime="20200120 08:50:16.949" endtime="20200120 08:50:17.966"></status>
</kw>
<status status="PASS" starttime="20200120 08:50:16.946" endtime="20200120 08:50:17.967"></status>
</kw>
<status status="PASS" starttime="20200120 08:50:16.942" endtime="20200120 08:50:17.968"></status>
</kw>
<kw name="Então o sistema exibirá a mensagem &quot;Preencha os campos com número superior a 0&quot;" library="resource">
<kw name="Wait Until Element Contains" library="SeleniumLibrary">
<doc>Waits until the element ``locator`` contains ``text``.</doc>
<arguments>
<arg>${CAMPOS[3]}</arg>
<arg>Preencha os campos com número superior a 0</arg>
</arguments>
<kw name="Capture Page Screenshot" library="SeleniumLibrary">
<doc>Takes a screenshot of the current page and embeds it into a log file.</doc>
<msg timestamp="20200120 08:50:23.717" level="INFO" html="yes">&lt;/td&gt;&lt;/tr&gt;&lt;tr&gt;&lt;td colspan="3"&gt;&lt;a href="selenium-screenshot-2.png"&gt;&lt;img src="selenium-screenshot-2.png" width="800px"&gt;&lt;/a&gt;</msg>
<status status="PASS" starttime="20200120 08:50:23.384" endtime="20200120 08:50:23.718"></status>
</kw>
<msg timestamp="20200120 08:50:23.724" level="FAIL">Element 'xpath=/html/body/form/div/h3' did not get text 'Preencha os campos com número superior a 0' in 5 seconds.</msg>
<status status="FAIL" starttime="20200120 08:50:17.972" endtime="20200120 08:50:23.724"></status>
</kw>
<status status="FAIL" starttime="20200120 08:50:17.969" endtime="20200120 08:50:23.725"></status>
</kw>
<tags>
<tag>maiorQueZero</tag>
</tags>
<status status="FAIL" starttime="20200120 08:50:06.951" endtime="20200120 08:50:23.726" critical="yes">Element 'xpath=/html/body/form/div/h3' did not get text 'Preencha os campos com número superior a 0' in 5 seconds.</status>
</test>
<kw name="Close Browser" library="SeleniumLibrary" type="teardown">
<doc>Closes the current browser.</doc>
<status status="PASS" starttime="20200120 08:50:23.741" endtime="20200120 08:50:24.009"></status>
</kw>
<doc>Nesse arquivo contém todos os cenários de testes.
Através das [Tags] eu consigo executar um teste específico, facilitando testes de micros serviços.</doc>
<status status="FAIL" starttime="20200120 08:49:17.864" endtime="20200120 08:50:24.010"></status>
</suite>
<statistics>
<total>
<stat pass="10" fail="1">Critical Tests</stat>
<stat pass="10" fail="1">All Tests</stat>
</total>
<tag>
<stat pass="4" fail="0">camposObrigatorios</stat>
<stat pass="1" fail="0">equilatero</stat>
<stat pass="1" fail="0">escaleno</stat>
<stat pass="3" fail="0">isosceles</stat>
<stat pass="0" fail="1">maiorQueZero</stat>
<stat pass="1" fail="0">somenteNumero</stat>
</tag>
<suite>
<stat pass="10" fail="1" id="s1" name="testCase">testCase</stat>
</suite>
</statistics>
<errors>
</errors>
</robot>
